<?xml version="1.0" encoding="UTF-8"?>
<testng-results ignored="0" total="4" passed="4" failed="0" skipped="0">
  <reporter-output>
  </reporter-output>
  <suite started-at="2023-02-08T09:27:03Z" name="Suite" finished-at="2023-02-08T09:29:08Z" duration-ms="124843">
    <groups>
      <group name="cucumber">
        <method signature="AbstractTestNGCucumberTests.feature(cucumber.api.testng.CucumberFeatureWrapper)[pri:0, instance:TestRunnerFile.ApiDemos.AppRunner@20f5281c]" name="feature" class="cucumber.api.testng.AbstractTestNGCucumberTests"/>
      </group> <!-- cucumber -->
    </groups>
    <test started-at="2023-02-08T09:27:03Z" name="Test" finished-at="2023-02-08T09:29:08Z" duration-ms="124843">
      <class name="TestRunnerFile.ApiDemos.AppRunner">
        <test-method is-config="true" signature="setUpClass()[pri:0, instance:TestRunnerFile.ApiDemos.AppRunner@20f5281c]" started-at="2023-02-08T09:27:03Z" name="setUpClass" finished-at="2023-02-08T09:27:03Z" duration-ms="196" status="PASS">
          <reporter-output>
          </reporter-output>
        </test-method> <!-- setUpClass -->
        <test-method signature="feature(cucumber.api.testng.CucumberFeatureWrapper)[pri:0, instance:TestRunnerFile.ApiDemos.AppRunner@20f5281c]" started-at="2023-02-08T09:27:03Z" name="feature" description="Runs Cucumber Feature" data-provider="features" finished-at="2023-02-08T09:27:28Z" duration-ms="25152" status="PASS">
          <params>
            <param index="0">
              <value>
                <![CDATA[To Test The View Screen Features with Scroll and Swipe Function]]>
              </value>
            </param>
          </params>
          <reporter-output>
          </reporter-output>
        </test-method> <!-- feature -->
        <test-method signature="feature(cucumber.api.testng.CucumberFeatureWrapper)[pri:0, instance:TestRunnerFile.ApiDemos.AppRunner@20f5281c]" started-at="2023-02-08T09:27:28Z" name="feature" description="Runs Cucumber Feature" data-provider="features" finished-at="2023-02-08T09:28:00Z" duration-ms="31739" status="PASS">
          <params>
            <param index="0">
              <value>
                <![CDATA[To Test The Content Screen Features]]>
              </value>
            </param>
          </params>
          <reporter-output>
          </reporter-output>
        </test-method> <!-- feature -->
        <test-method signature="feature(cucumber.api.testng.CucumberFeatureWrapper)[pri:0, instance:TestRunnerFile.ApiDemos.AppRunner@20f5281c]" started-at="2023-02-08T09:28:00Z" name="feature" description="Runs Cucumber Feature" data-provider="features" finished-at="2023-02-08T09:28:51Z" duration-ms="51223" status="PASS">
          <params>
            <param index="0">
              <value>
                <![CDATA[To Test The Features of Media Screen of the Application Api Demos]]>
              </value>
            </param>
          </params>
          <reporter-output>
          </reporter-output>
        </test-method> <!-- feature -->
        <test-method signature="feature(cucumber.api.testng.CucumberFeatureWrapper)[pri:0, instance:TestRunnerFile.ApiDemos.AppRunner@20f5281c]" started-at="2023-02-08T09:28:51Z" name="feature" description="Runs Cucumber Feature" data-provider="features" finished-at="2023-02-08T09:29:08Z" duration-ms="16447" status="PASS">
          <params>
            <param index="0">
              <value>
                <![CDATA[To Test the Feature Of Prefrences Functionalities.]]>
              </value>
            </param>
          </params>
          <reporter-output>
          </reporter-output>
        </test-method> <!-- feature -->
        <test-method is-config="true" signature="tearDownClass()[pri:0, instance:TestRunnerFile.ApiDemos.AppRunner@20f5281c]" started-at="2023-02-08T09:29:08Z" name="tearDownClass" finished-at="2023-02-08T09:29:08Z" duration-ms="3" status="PASS">
          <reporter-output>
          </reporter-output>
        </test-method> <!-- tearDownClass -->
      </class> <!-- TestRunnerFile.ApiDemos.AppRunner -->
    </test> <!-- Test -->
  </suite> <!-- Suite -->
</testng-results>
