<?xml version="1.0" encoding="UTF-8"?>
<testsuite xmlns:xsi="http://www.w3.org/2001/XMLSchema-instance" xsi:noNamespaceSchemaLocation="https://maven.apache.org/surefire/maven-surefire-plugin/xsd/surefire-test-report.xsd" name="TestSuite" time="146.761" tests="4" errors="0" skipped="0" failures="2">
  <properties>
[...]
</properties>
  <testcase name="feature" classname="TestRunnerFile.ApiDemos.AppRunner" time="18.744">
    <failure message="org.openqa.selenium.NoSuchElementException: Can&apos;t locate an element by this strategy: By.chained({By.xpath: /hierarchy/android.widget.FrameLayout/android.view.ViewGroup/android.widget.FrameLayout[2]/android.widget.ListView/android.widget.TextView[11]&#10;})" type="cucumber.runtime.CucumberException">cucumber.runtime.CucumberException: 
org.openqa.selenium.NoSuchElementException: Can't locate an element by this strategy: By.chained({By.xpath: /hierarchy/android.widget.FrameLayout/android.view.ViewGroup/android.widget.FrameLayout[2]/android.widget.ListView/android.widget.TextView[11]
})
Caused by: org.openqa.selenium.NoSuchElementException: 
Can't locate an element by this strategy: By.chained({By.xpath: /hierarchy/android.widget.FrameLayout/android.view.ViewGroup/android.widget.FrameLayout[2]/android.widget.ListView/android.widget.TextView[11]
})
Caused by: org.openqa.selenium.TimeoutException: Expected condition failed: waiting for io.appium.java_client.pagefactory.AppiumElementLocator$WaitingFunction@511f5b1d (tried for 1 second(s) with 500 milliseconds interval)
Caused by: org.openqa.selenium.NoSuchElementException: 
Cannot locate an element using By.chained({By.xpath: /hierarchy/android.widget.FrameLayout/android.view.ViewGroup/android.widget.FrameLayout[2]/android.widget.ListView/android.widget.TextView[11]
})
For documentation on this error, please visit: http://seleniumhq.org/exceptions/no_such_element.html
Build info: version: '3.141.5', revision: 'd54ebd709a', time: '2018-11-06T11:42:16'
System info: host: 'IN-B70QVP3', ip: '192.168.29.19', os.name: 'Windows 10', os.arch: 'amd64', os.version: '10.0', java.version: '11.0.5'
Driver info: driver.version: AppiumDriver
</failure>
    <system-out><![CDATA[[TestNGContentHandler] [WARN] It is strongly recommended to add "<!DOCTYPE suite SYSTEM "http://testng.org/testng-1.0.dtd" >" at the top of your file, otherwise TestNG may fail or not work as expected.
&amp#27;[35m[Appium]&amp#27;[39m Welcome to Appium v1.22.3
&amp#27;[35m[Appium]&amp#27;[39m Appium REST http interface listener started on 0.0.0.0:4723
&amp#27;[35m[HTTP]&amp#27;[39m &amp#27;[37m-->&amp#27;[39m &amp#27;[37mGET&amp#27;[39m &amp#27;[37m/wd/hub/status&amp#27;[39m
&amp#27;[35m[HTTP]&amp#27;[39m &amp#27;[90m{}&amp#27;[39m
[debug] &amp#27;[35m[GENERIC]&amp#27;[39m Calling AppiumDriver.getStatus() with args: []
[debug] &amp#27;[35m[GENERIC]&amp#27;[39m Responding to client with driver.getStatus() result: {"build":{"version":"1.22.3"}}
&amp#27;[35m[HTTP]&amp#27;[39m &amp#27;[37m<-- GET /wd/hub/status &amp#27;[39m&amp#27;[32m200&amp#27;[39m &amp#27;[90m8 ms - 68&amp#27;[39m
&amp#27;[35m[HTTP]&amp#27;[39m &amp#27;[90m&amp#27;[39m
&amp#27;[35m[HTTP]&amp#27;[39m &amp#27;[37m-->&amp#27;[39m &amp#27;[37mPOST&amp#27;[39m &amp#27;[37m/wd/hub/session&amp#27;[39m
&amp#27;[35m[HTTP]&amp#27;[39m &amp#27;[90m{"desiredCapabilities":{"app":"./AppApk/apidemos.apk","appActivity":".ApiDemos","appPackage":"com.hmh.api","platformVersion":"8.1","platformName":"Android","deviceName":"Android"},"capabilities":{"alwaysMatch":{"appium:app":"./AppApk/apidemos.apk","appium:appActivity":".ApiDemos","appium:appPackage":"com.hmh.api","appium:deviceName":"Android","platformName":"android","appium:platformVersion":"8.1"},"firstMatch":[{}]}}&amp#27;[39m
[debug] &amp#27;[35m[W3C]&amp#27;[39m Calling AppiumDriver.createSession() with args: [{"app":"./AppApk/apidemos.apk","appActivity":".ApiDemos","appPackage":"com.hmh.api","platformVersion":"8.1","platformName":"Android","deviceName":"Android"},null,{"alwaysMatch":{"appium:app":"./AppApk/apidemos.apk","appium:appActivity":".ApiDemos","appium:appPackage":"com.hmh.api","appium:deviceName":"Android","platformName":"android","appium:platformVersion":"8.1"},"firstMatch":[{}]}]
[debug] &amp#27;[35m[BaseDriver]&amp#27;[39m Event 'newSessionRequested' logged at 1676439006712 (11:00:06 GMT+0530 (India Standard Time))
&amp#27;[35m[Appium]&amp#27;[39m 
&amp#27;[35m[Appium]&amp#27;[39m ======================================================================
&amp#27;[35m[Appium]&amp#27;[39m   DEPRECATION WARNING:
&amp#27;[35m[Appium]&amp#27;[39m 
&amp#27;[35m[Appium]&amp#27;[39m   The 'automationName' capability was not provided in the desired 
&amp#27;[35m[Appium]&amp#27;[39m   capabilities for this Android session
&amp#27;[35m[Appium]&amp#27;[39m 
&amp#27;[35m[Appium]&amp#27;[39m   Setting 'automationName=UiAutomator2' by default and using the 
&amp#27;[35m[Appium]&amp#27;[39m   UiAutomator2 Driver
&amp#27;[35m[Appium]&amp#27;[39m 
&amp#27;[35m[Appium]&amp#27;[39m   The next major version of Appium (2.x) will **require** the 
&amp#27;[35m[Appium]&amp#27;[39m   'automationName' capability to be set for all sessions on all 
&amp#27;[35m[Appium]&amp#27;[39m   platforms
&amp#27;[35m[Appium]&amp#27;[39m 
&amp#27;[35m[Appium]&amp#27;[39m   In previous versions (Appium <= 1.13.x), the default was 
&amp#27;[35m[Appium]&amp#27;[39m   'automationName=UiAutomator1'
&amp#27;[35m[Appium]&amp#27;[39m 
&amp#27;[35m[Appium]&amp#27;[39m   If you wish to use that automation instead of UiAutomator2, please 
&amp#27;[35m[Appium]&amp#27;[39m   add 'automationName=UiAutomator1' to your desired capabilities
&amp#27;[35m[Appium]&amp#27;[39m 
&amp#27;[35m[Appium]&amp#27;[39m   For more information about drivers, please visit 
&amp#27;[35m[Appium]&amp#27;[39m   http://appium.io/docs/en/about-appium/intro/ and explore the 
&amp#27;[35m[Appium]&amp#27;[39m   'Drivers' menu
&amp#27;[35m[Appium]&amp#27;[39m 
&amp#27;[35m[Appium]&amp#27;[39m ======================================================================
&amp#27;[35m[Appium]&amp#27;[39m 
&amp#27;[35m[Appium]&amp#27;[39m Appium v1.22.3 creating new AndroidUiautomator2Driver (v1.70.1) session
[debug] &amp#27;[35m[BaseDriver]&amp#27;[39m W3C capabilities and MJSONWP desired capabilities were provided
[debug] &amp#27;[35m[BaseDriver]&amp#27;[39m Creating session with W3C capabilities: {
[debug] &amp#27;[35m[BaseDriver]&amp#27;[39m   "alwaysMatch": {
[debug] &amp#27;[35m[BaseDriver]&amp#27;[39m     "platformName": "android",
[debug] &amp#27;[35m[BaseDriver]&amp#27;[39m     "appium:app": "./AppApk/apidemos.apk",
[debug] &amp#27;[35m[BaseDriver]&amp#27;[39m     "appium:appActivity": ".ApiDemos",
[debug] &amp#27;[35m[BaseDriver]&amp#27;[39m     "appium:appPackage": "com.hmh.api",
[debug] &amp#27;[35m[BaseDriver]&amp#27;[39m     "appium:deviceName": "Android",
[debug] &amp#27;[35m[BaseDriver]&amp#27;[39m     "appium:platformVersion": "8.1"
[debug] &amp#27;[35m[BaseDriver]&amp#27;[39m   },
[debug] &amp#27;[35m[BaseDriver]&amp#27;[39m   "firstMatch": [
[debug] &amp#27;[35m[BaseDriver]&amp#27;[39m     {}
[debug] &amp#27;[35m[BaseDriver]&amp#27;[39m   ]
[debug] &amp#27;[35m[BaseDriver]&amp#27;[39m }
&amp#27;[35m[BaseDriver]&amp#27;[39m Session created with session id: 52e12fb1-00a8-4506-a3c1-ae82ce10d5b9
&amp#27;[35m[BaseDriver]&amp#27;[39m Using local app './AppApk/apidemos.apk'
&amp#27;[35m[BaseDriver]&amp#27;[39m The current application path './AppApk/apidemos.apk' is not absolute and has been rewritten to 'C:\Users\tarunsharma03\Desktop\exittest\ApiDemosAppium\AppApk\apidemos.apk'. Consider using absolute paths rather than relative
[debug] &amp#27;[35m[UiAutomator2]&amp#27;[39m Checking whether app is actually present
&amp#27;[35m[ADB]&amp#27;[39m Found 1 'build-tools' folders under 'C:\Users\tarunsharma03\AppData\Local\Android\Sdk' (newest first):
&amp#27;[35m[ADB]&amp#27;[39m     C:/Users/tarunsharma03/AppData/Local/Android/Sdk/build-tools/33.0.0
&amp#27;[35m[ADB]&amp#27;[39m Using 'adb.exe' from 'C:\Users\tarunsharma03\AppData\Local\Android\Sdk\platform-tools\adb.exe'
[debug] &amp#27;[35m[ADB]&amp#27;[39m Running 'C:\Users\tarunsharma03\AppData\Local\Android\Sdk\platform-tools\adb.exe -P 5037 start-server'
&amp#27;[35m[AndroidDriver]&amp#27;[39m Retrieving device list
[debug] &amp#27;[35m[ADB]&amp#27;[39m Trying to find a connected android device
[debug] &amp#27;[35m[ADB]&amp#27;[39m Getting connected devices
[debug] &amp#27;[35m[ADB]&amp#27;[39m Connected devices: [{"udid":"emulator-5554","state":"device"}]
&amp#27;[35m[AndroidDriver]&amp#27;[39m Looking for a device with Android '8.1.0'
[debug] &amp#27;[35m[ADB]&amp#27;[39m Setting device id to emulator-5554
&amp#27;[35m[ADB]&amp#27;[39m Getting device platform version
[debug] &amp#27;[35m[ADB]&amp#27;[39m Running 'C:\Users\tarunsharma03\AppData\Local\Android\Sdk\platform-tools\adb.exe -P 5037 -s emulator-5554 shell getprop ro.build.version.release'
[debug] &amp#27;[35m[ADB]&amp#27;[39m Current device property 'ro.build.version.release': 8.1.0
&amp#27;[35m[AndroidDriver]&amp#27;[39m Using device: emulator-5554
&amp#27;[35m[ADB]&amp#27;[39m Using 'adb.exe' from 'C:\Users\tarunsharma03\AppData\Local\Android\Sdk\platform-tools\adb.exe'
[debug] &amp#27;[35m[ADB]&amp#27;[39m Running 'C:\Users\tarunsharma03\AppData\Local\Android\Sdk\platform-tools\adb.exe -P 5037 start-server'
[debug] &amp#27;[35m[ADB]&amp#27;[39m Setting device id to emulator-5554
[debug] &amp#27;[35m[ADB]&amp#27;[39m Running 'C:\Users\tarunsharma03\AppData\Local\Android\Sdk\platform-tools\adb.exe -P 5037 -s emulator-5554 shell getprop ro.build.version.sdk'
[debug] &amp#27;[35m[ADB]&amp#27;[39m Current device property 'ro.build.version.sdk': 27
[debug] &amp#27;[35m[ADB]&amp#27;[39m Device API level: 27
[debug] &amp#27;[35m[ADB]&amp#27;[39m Running 'C:\Users\tarunsharma03\AppData\Local\Android\Sdk\platform-tools\adb.exe -P 5037 -s emulator-5554 wait-for-device'
[debug] &amp#27;[35m[ADB]&amp#27;[39m Running 'C:\Users\tarunsharma03\AppData\Local\Android\Sdk\platform-tools\adb.exe -P 5037 -s emulator-5554 shell echo ping'
[debug] &amp#27;[35m[AndroidDriver]&amp#27;[39m Pushing settings apk to device...
[debug] &amp#27;[35m[ADB]&amp#27;[39m Getting install status for io.appium.settings
[debug] &amp#27;[35m[ADB]&amp#27;[39m Running 'C:\Users\tarunsharma03\AppData\Local\Android\Sdk\platform-tools\adb.exe -P 5037 -s emulator-5554 shell dumpsys package io.appium.settings'
[debug] &amp#27;[35m[ADB]&amp#27;[39m 'io.appium.settings' is installed
[debug] &amp#27;[35m[ADB]&amp#27;[39m Getting package info for 'io.appium.settings'
[debug] &amp#27;[35m[ADB]&amp#27;[39m Running 'C:\Users\tarunsharma03\AppData\Local\Android\Sdk\platform-tools\adb.exe -P 5037 -s emulator-5554 shell dumpsys package io.appium.settings'
[debug] &amp#27;[35m[ADB]&amp#27;[39m The version name of the installed 'io.appium.settings' is greater or equal to the application version name ('3.4.0' >= '3.4.0')
[debug] &amp#27;[35m[ADB]&amp#27;[39m There is no need to install/upgrade 'C:\Users\tarunsharma03\AppData\Roaming\npm\node_modules\appium\node_modules\io.appium.settings\apks\settings_apk-debug.apk'
[debug] &amp#27;[35m[ADB]&amp#27;[39m Getting IDs of all 'io.appium.settings' processes
[debug] &amp#27;[35m[ADB]&amp#27;[39m Running 'C:\Users\tarunsharma03\AppData\Local\Android\Sdk\platform-tools\adb.exe -P 5037 -s emulator-5554 shell 'pgrep --help; echo $?''
[debug] &amp#27;[35m[ADB]&amp#27;[39m Running 'C:\Users\tarunsharma03\AppData\Local\Android\Sdk\platform-tools\adb.exe -P 5037 -s emulator-5554 shell pgrep -f \(\[\[:blank:\]\]\|\^\)io\.appium\.settings\(\[\[:blank:\]\]\|\$\)'
[debug] &amp#27;[35m[AndroidDriver]&amp#27;[39m io.appium.settings is already running. There is no need to reset its permissions.
[debug] &amp#27;[35m[Logcat]&amp#27;[39m Starting logs capture with command: C:\\Users\\tarunsharma03\\AppData\\Local\\Android\\Sdk\\platform-tools\\adb.exe -P 5037 -s emulator-5554 logcat -v threadtime
[debug] &amp#27;[35m[UiAutomator2]&amp#27;[39m Forwarding UiAutomator2 Server port 6790 to local port 8200
[debug] &amp#27;[35m[ADB]&amp#27;[39m Forwarding system: 8200 to device: 6790
[debug] &amp#27;[35m[ADB]&amp#27;[39m Running 'C:\Users\tarunsharma03\AppData\Local\Android\Sdk\platform-tools\adb.exe -P 5037 -s emulator-5554 forward tcp:8200 tcp:6790'
[debug] &amp#27;[35m[ADB]&amp#27;[39m Getting install status for io.appium.uiautomator2.server
[debug] &amp#27;[35m[ADB]&amp#27;[39m Running 'C:\Users\tarunsharma03\AppData\Local\Android\Sdk\platform-tools\adb.exe -P 5037 -s emulator-5554 shell dumpsys package io.appium.uiautomator2.server'
[debug] &amp#27;[35m[ADB]&amp#27;[39m 'io.appium.uiautomator2.server' is installed
[debug] &amp#27;[35m[ADB]&amp#27;[39m Getting package info for 'io.appium.uiautomator2.server'
[debug] &amp#27;[35m[ADB]&amp#27;[39m Running 'C:\Users\tarunsharma03\AppData\Local\Android\Sdk\platform-tools\adb.exe -P 5037 -s emulator-5554 shell dumpsys package io.appium.uiautomator2.server'
[debug] &amp#27;[35m[ADB]&amp#27;[39m The version name of the installed 'io.appium.uiautomator2.server' is greater or equal to the application version name ('4.27.0' >= '4.27.0')
[debug] &amp#27;[35m[UiAutomator2]&amp#27;[39m io.appium.uiautomator2.server installation state: sameVersionInstalled
[debug] &amp#27;[35m[ADB]&amp#27;[39m Checking app cert for C:\Users\tarunsharma03\AppData\Roaming\npm\node_modules\appium\node_modules\appium-uiautomator2-server\apks\appium-uiautomator2-server-v4.27.0.apk
&amp#27;[35m[ADB]&amp#27;[39m Using 'apksigner.jar' from 'C:\Users\tarunsharma03\AppData\Local\Android\Sdk\build-tools\33.0.0\lib\apksigner.jar'
[debug] &amp#27;[35m[ADB]&amp#27;[39m Starting apksigner: 'C:\\Program Files\\RedHat\\java-11-openjdk-11.0.5-2\\bin\\java.exe' -Xmx1024M -Xss1m -jar C:\\Users\\tarunsharma03\\AppData\\Local\\Android\\Sdk\\build-tools\\33.0.0\\lib\\apksigner.jar verify --print-certs C:\\Users\\tarunsharma03\\AppData\\Roaming\\npm\\node_modules\\appium\\node_modules\\appium-uiautomator2-server\\apks\\appium-uiautomator2-server-v4.27.0.apk
[debug] &amp#27;[35m[ADB]&amp#27;[39m apksigner stdout: Signer #1 certificate DN: EMAILADDRESS=android@android.com, CN=Android, OU=Android, O=Android, L=Mountain View, ST=California, C=US
[debug] &amp#27;[35m[ADB]&amp#27;[39m Signer #1 certificate SHA-256 digest: a40da80a59d170caa950cf15c18c454d47a39b26989d8b640ecd745ba71bf5dc
[debug] &amp#27;[35m[ADB]&amp#27;[39m Signer #1 certificate SHA-1 digest: 61ed377e85d386a8dfee6b864bd85b0bfaa5af81
[debug] &amp#27;[35m[ADB]&amp#27;[39m Signer #1 certificate MD5 digest: e89b158e4bcf988ebd09eb83f5378e87
[debug] &amp#27;[35m[ADB]&amp#27;[39m 
[debug] &amp#27;[35m[ADB]&amp#27;[39m sha256 hash did match for 'appium-uiautomator2-server-v4.27.0.apk'
&amp#27;[35m[ADB]&amp#27;[39m 'C:\Users\tarunsharma03\AppData\Roaming\npm\node_modules\appium\node_modules\appium-uiautomator2-server\apks\appium-uiautomator2-server-v4.27.0.apk' is signed with the default certificate
[debug] &amp#27;[35m[ADB]&amp#27;[39m Getting install status for io.appium.uiautomator2.server.test
[debug] &amp#27;[35m[ADB]&amp#27;[39m Running 'C:\Users\tarunsharma03\AppData\Local\Android\Sdk\platform-tools\adb.exe -P 5037 -s emulator-5554 shell dumpsys package io.appium.uiautomator2.server.test'
[debug] &amp#27;[35m[ADB]&amp#27;[39m 'io.appium.uiautomator2.server.test' is installed
[debug] &amp#27;[35m[ADB]&amp#27;[39m Checking app cert for C:\Users\tarunsharma03\AppData\Roaming\npm\node_modules\appium\node_modules\appium-uiautomator2-server\apks\appium-uiautomator2-server-debug-androidTest.apk
[debug] &amp#27;[35m[ADB]&amp#27;[39m Starting apksigner: 'C:\\Program Files\\RedHat\\java-11-openjdk-11.0.5-2\\bin\\java.exe' -Xmx1024M -Xss1m -jar C:\\Users\\tarunsharma03\\AppData\\Local\\Android\\Sdk\\build-tools\\33.0.0\\lib\\apksigner.jar verify --print-certs C:\\Users\\tarunsharma03\\AppData\\Roaming\\npm\\node_modules\\appium\\node_modules\\appium-uiautomator2-server\\apks\\appium-uiautomator2-server-debug-androidTest.apk
[debug] &amp#27;[35m[ADB]&amp#27;[39m apksigner stdout: Signer #1 certificate DN: EMAILADDRESS=android@android.com, CN=Android, OU=Android, O=Android, L=Mountain View, ST=California, C=US
[debug] &amp#27;[35m[ADB]&amp#27;[39m Signer #1 certificate SHA-256 digest: a40da80a59d170caa950cf15c18c454d47a39b26989d8b640ecd745ba71bf5dc
[debug] &amp#27;[35m[ADB]&amp#27;[39m Signer #1 certificate SHA-1 digest: 61ed377e85d386a8dfee6b864bd85b0bfaa5af81
[debug] &amp#27;[35m[ADB]&amp#27;[39m Signer #1 certificate MD5 digest: e89b158e4bcf988ebd09eb83f5378e87
[debug] &amp#27;[35m[ADB]&amp#27;[39m 
[debug] &amp#27;[35m[ADB]&amp#27;[39m sha256 hash did match for 'appium-uiautomator2-server-debug-androidTest.apk'
&amp#27;[35m[ADB]&amp#27;[39m 'C:\Users\tarunsharma03\AppData\Roaming\npm\node_modules\appium\node_modules\appium-uiautomator2-server\apks\appium-uiautomator2-server-debug-androidTest.apk' is signed with the default certificate
&amp#27;[35m[UiAutomator2]&amp#27;[39m Server packages are not going to be (re)installed
[debug] &amp#27;[35m[UiAutomator2]&amp#27;[39m Waiting up to 30000ms for services to be available
[debug] &amp#27;[35m[ADB]&amp#27;[39m Running 'C:\Users\tarunsharma03\AppData\Local\Android\Sdk\platform-tools\adb.exe -P 5037 -s emulator-5554 shell pm list instrumentation'
[debug] &amp#27;[35m[UiAutomator2]&amp#27;[39m Instrumentation target 'io.appium.uiautomator2.server.test/androidx.test.runner.AndroidJUnitRunner' is available
&amp#27;[35m[ADB]&amp#27;[39m Adding packages ["io.appium.settings","io.appium.uiautomator2.server","io.appium.uiautomator2.server.test"] to Doze whitelist
[debug] &amp#27;[35m[ADB]&amp#27;[39m Got the following command chunks to execute: [["dumpsys","deviceidle","whitelist","+io.appium.settings",";","dumpsys","deviceidle","whitelist","+io.appium.uiautomator2.server",";","dumpsys","deviceidle","whitelist","+io.appium.uiautomator2.server.test",";"]]
[debug] &amp#27;[35m[ADB]&amp#27;[39m Running 'C:\Users\tarunsharma03\AppData\Local\Android\Sdk\platform-tools\adb.exe -P 5037 -s emulator-5554 shell dumpsys deviceidle whitelist +io.appium.settings ; dumpsys deviceidle whitelist +io.appium.uiautomator2.server ; dumpsys deviceidle whitelist +io.appium.uiautomator2.server.test ;'
[debug] &amp#27;[35m[ADB]&amp#27;[39m Checking app cert for C:\Users\tarunsharma03\Desktop\exittest\ApiDemosAppium\AppApk\apidemos.apk
[debug] &amp#27;[35m[ADB]&amp#27;[39m Starting apksigner: 'C:\\Program Files\\RedHat\\java-11-openjdk-11.0.5-2\\bin\\java.exe' -Xmx1024M -Xss1m -jar C:\\Users\\tarunsharma03\\AppData\\Local\\Android\\Sdk\\build-tools\\33.0.0\\lib\\apksigner.jar verify --print-certs C:\\Users\\tarunsharma03\\Desktop\\exittest\\ApiDemosAppium\\AppApk\\apidemos.apk
[debug] &amp#27;[35m[ADB]&amp#27;[39m apksigner stdout: Signer #1 certificate DN: EMAILADDRESS=android@android.com, CN=Android, OU=Android, O=Android, L=Mountain View, ST=California, C=US
[debug] &amp#27;[35m[ADB]&amp#27;[39m Signer #1 certificate SHA-256 digest: a40da80a59d170caa950cf15c18c454d47a39b26989d8b640ecd745ba71bf5dc
[debug] &amp#27;[35m[ADB]&amp#27;[39m Signer #1 certificate SHA-1 digest: 61ed377e85d386a8dfee6b864bd85b0bfaa5af81
[debug] &amp#27;[35m[ADB]&amp#27;[39m Signer #1 certificate MD5 digest: e89b158e4bcf988ebd09eb83f5378e87
[debug] &amp#27;[35m[ADB]&amp#27;[39m 
[debug] &amp#27;[35m[ADB]&amp#27;[39m sha256 hash did match for 'apidemos.apk'
&amp#27;[35m[ADB]&amp#27;[39m 'C:\Users\tarunsharma03\Desktop\exittest\ApiDemosAppium\AppApk\apidemos.apk' is signed with the default certificate
[debug] &amp#27;[35m[ADB]&amp#27;[39m Getting install status for com.hmh.api
[debug] &amp#27;[35m[ADB]&amp#27;[39m Running 'C:\Users\tarunsharma03\AppData\Local\Android\Sdk\platform-tools\adb.exe -P 5037 -s emulator-5554 shell dumpsys package com.hmh.api'
[debug] &amp#27;[35m[ADB]&amp#27;[39m 'com.hmh.api' is installed
[debug] &amp#27;[35m[ADB]&amp#27;[39m Getting package info for 'com.hmh.api'
[debug] &amp#27;[35m[ADB]&amp#27;[39m Running 'C:\Users\tarunsharma03\AppData\Local\Android\Sdk\platform-tools\adb.exe -P 5037 -s emulator-5554 shell dumpsys package com.hmh.api'
[debug] &amp#27;[35m[ADB]&amp#27;[39m The version name of the installed 'com.hmh.api' is greater or equal to the application version name ('4.0.0' >= '4.0.0')
[debug] &amp#27;[35m[ADB]&amp#27;[39m There is no need to install/upgrade 'C:\Users\tarunsharma03\Desktop\exittest\ApiDemosAppium\AppApk\apidemos.apk'
&amp#27;[35m[AndroidDriver]&amp#27;[39m Performing fast reset on 'com.hmh.api'
[debug] &amp#27;[35m[ADB]&amp#27;[39m Getting install status for com.hmh.api
[debug] &amp#27;[35m[ADB]&amp#27;[39m Running 'C:\Users\tarunsharma03\AppData\Local\Android\Sdk\platform-tools\adb.exe -P 5037 -s emulator-5554 shell dumpsys package com.hmh.api'
[debug] &amp#27;[35m[ADB]&amp#27;[39m 'com.hmh.api' is installed
[debug] &amp#27;[35m[ADB]&amp#27;[39m Running 'C:\Users\tarunsharma03\AppData\Local\Android\Sdk\platform-tools\adb.exe -P 5037 -s emulator-5554 shell am force-stop com.hmh.api'
[debug] &amp#27;[35m[ADB]&amp#27;[39m Running 'C:\Users\tarunsharma03\AppData\Local\Android\Sdk\platform-tools\adb.exe -P 5037 -s emulator-5554 shell pm clear com.hmh.api'
[debug] &amp#27;[35m[AndroidDriver]&amp#27;[39m Performed fast reset on the installed 'com.hmh.api' application (stop and clear)
[debug] &amp#27;[35m[UiAutomator2]&amp#27;[39m Performing shallow cleanup of automation leftovers
[debug] &amp#27;[35m[UiAutomator2]&amp#27;[39m No obsolete sessions have been detected (socket hang up)
[debug] &amp#27;[35m[ADB]&amp#27;[39m Running 'C:\Users\tarunsharma03\AppData\Local\Android\Sdk\platform-tools\adb.exe -P 5037 -s emulator-5554 shell am force-stop io.appium.uiautomator2.server.test'
&amp#27;[35m[UiAutomator2]&amp#27;[39m Starting UIAutomator2 server 4.27.0
&amp#27;[35m[UiAutomator2]&amp#27;[39m Using UIAutomator2 server from 'C:\Users\tarunsharma03\AppData\Roaming\npm\node_modules\appium\node_modules\appium-uiautomator2-server\apks\appium-uiautomator2-server-v4.27.0.apk' and test from 'C:\Users\tarunsharma03\AppData\Roaming\npm\node_modules\appium\node_modules\appium-uiautomator2-server\apks\appium-uiautomator2-server-debug-androidTest.apk'
&amp#27;[35m[UiAutomator2]&amp#27;[39m Waiting up to 30000ms for UiAutomator2 to be online...
[debug] &amp#27;[35m[ADB]&amp#27;[39m Creating ADB subprocess with args: ["-P",5037,"-s","emulator-5554","shell","am","instrument","-w","-e","disableAnalytics",true,"io.appium.uiautomator2.server.test/androidx.test.runner.AndroidJUnitRunner"]
[debug] &amp#27;[35m[WD Proxy]&amp#27;[39m Matched '/status' to command name 'getStatus'
[debug] &amp#27;[35m[WD Proxy]&amp#27;[39m Proxying [GET /status] to [GET http://127.0.0.1:8200/wd/hub/status] with no body
&amp#27;[35m[WD Proxy]&amp#27;[39m socket hang up
[debug] &amp#27;[35m[WD Proxy]&amp#27;[39m Matched '/status' to command name 'getStatus'
[debug] &amp#27;[35m[WD Proxy]&amp#27;[39m Proxying [GET /status] to [GET http://127.0.0.1:8200/wd/hub/status] with no body
&amp#27;[35m[WD Proxy]&amp#27;[39m socket hang up
[debug] &amp#27;[35m[Instrumentation]&amp#27;[39m io.appium.uiautomator2.server.test.AppiumUiAutomator2Server:
[debug] &amp#27;[35m[WD Proxy]&amp#27;[39m Matched '/status' to command name 'getStatus'
[debug] &amp#27;[35m[WD Proxy]&amp#27;[39m Proxying [GET /status] to [GET http://127.0.0.1:8200/wd/hub/status] with no body
&amp#27;[35m[WD Proxy]&amp#27;[39m socket hang up
[debug] &amp#27;[35m[WD Proxy]&amp#27;[39m Matched '/status' to command name 'getStatus'
[debug] &amp#27;[35m[WD Proxy]&amp#27;[39m Proxying [GET /status] to [GET http://127.0.0.1:8200/wd/hub/status] with no body
[debug] &amp#27;[35m[WD Proxy]&amp#27;[39m Got response with status 200: {"sessionId":"None","value":{"message":"UiAutomator2 Server is ready to accept commands","ready":true}}
[debug] &amp#27;[35m[UiAutomator2]&amp#27;[39m The initialization of the instrumentation process took 3192ms
[debug] &amp#27;[35m[WD Proxy]&amp#27;[39m Matched '/session' to command name 'createSession'
[debug] &amp#27;[35m[WD Proxy]&amp#27;[39m Proxying [POST /session] to [POST http://127.0.0.1:8200/wd/hub/session] with body: {"capabilities":{"firstMatch":[{"platform":"LINUX","webStorageEnabled":false,"takesScreenshot":true,"javascriptEnabled":true,"databaseEnabled":false,"networkConnectionEnabled":true,"locationContextEnabled":false,"warnings":{},"desired":{"platformName":"android","app":"./AppApk/apidemos.apk","appActivity":".ApiDemos","appPackage":"com.hmh.api","deviceName":"Android","platformVersion":"8.1"},"platformName":"android","app":"./AppApk/apidemos.apk","appActivity":".ApiDemos","appPackage":"com.hmh.api","deviceName":"emulator-5554","platformVersion":"8.1","deviceUDID":"emulator-5554"}],"alwaysMatch":{}}}
[debug] &amp#27;[35m[WD Proxy]&amp#27;[39m Got response with status 200: {"sessionId":"60aca030-2957-44c4-aa2a-1bb229c5be08","value":{"capabilities":{"firstMatch":[{"platform":"LINUX","webStorageEnabled":false,"takesScreenshot":true,"javascriptEnabled":true,"databaseEnabled":false,"networkConnectionEnabled":true,"locationContextEnabled":false,"warnings":{},"desired":{"platformName":"android","app":"./AppApk/apidemos.apk","appActivity":".ApiDemos","appPackage":"com.hmh.api","deviceName":"Android","platformVersion":"8.1"},"platformName":"android","app":"./AppApk/apidemos.apk","appActivity":".ApiDemos","appPackage":"com.hmh.api","deviceName":"emulator-5554","platformVersion":"8.1","deviceUDID":"emulator-5554"}],"alwaysMatch":{}},"sessionId":"60aca030-2957-44c4-aa2a-1bb229c5be08"}}
&amp#27;[35m[WD Proxy]&amp#27;[39m Determined the downstream protocol as 'W3C'
[debug] &amp#27;[35m[WD Proxy]&amp#27;[39m Proxying [GET /appium/device/info] to [GET http://127.0.0.1:8200/wd/hub/session/60aca030-2957-44c4-aa2a-1bb229c5be08/appium/device/info] with no body
[debug] &amp#27;[35m[WD Proxy]&amp#27;[39m Got response with status 200: {"sessionId":"60aca030-2957-44c4-aa2a-1bb229c5be08","value":{"androidId":"1c4ab7a44e3e4dd5","apiVersion":"27","bluetooth":null,"brand":"google","carrierName":"Android","displayDensity":440,"locale":"en_US","manufacturer":"Google","model":"Android SDK built for x86","networks":[{"capabilities":{"SSID":null,"linkDownBandwidthKbps":102400,"linkUpstreamBandwidthKbps":51200,"networkCapabilities":"NET_CAPABILITY_MMS,NET_CAPABILITY_SUPL,NET_CAPABILITY_DUN,NET_CAPABILITY_FOTA,NET_CAPABILITY_IMS,NET_CAPABILITY_CBS,NET_CAPABILITY_IA,NET_CAPABILITY_INTERNET,NET_CAPABILITY_NOT_RESTRICTED,NET_CAPABILITY_TRUSTED,NET_CAPABILITY_NOT_VPN,NET_CAPABILITY_VALIDATED","signalStrength":-2147483648,"transportTypes":"TRANSPORT_CELLULAR"},"detailedState":"CONNECTED","extraInfo":"epc.tmobile.com","isAvailable":true,"isConnected":true,"isFailover":false,"isRoaming":false,"state":"CONNECTED","subtype":13,"subtypeName":"LTE","type":0,"typeName":"MOBILE"},{"capabilities":{"SSID":null,"linkDownBandwidthKbps":1048576,"linkUpstreamBandwidt...
[debug] &amp#27;[35m[ADB]&amp#27;[39m Running 'C:\Users\tarunsharma03\AppData\Local\Android\Sdk\platform-tools\adb.exe -P 5037 -s emulator-5554 shell dumpsys window'
&amp#27;[35m[AndroidDriver]&amp#27;[39m Screen already unlocked, doing nothing
&amp#27;[35m[UiAutomator2]&amp#27;[39m Starting 'com.hmh.api/.ApiDemos and waiting for 'com.hmh.api/.ApiDemos'
[debug] &amp#27;[35m[ADB]&amp#27;[39m Running 'C:\Users\tarunsharma03\AppData\Local\Android\Sdk\platform-tools\adb.exe -P 5037 -s emulator-5554 shell am start -W -n com.hmh.api/.ApiDemos -S -a android.intent.action.MAIN -c android.intent.category.LAUNCHER -f 0x10200000'
[debug] &amp#27;[35m[WD Proxy]&amp#27;[39m Proxying [GET /appium/device/pixel_ratio] to [GET http://127.0.0.1:8200/wd/hub/session/60aca030-2957-44c4-aa2a-1bb229c5be08/appium/device/pixel_ratio] with no body
[debug] &amp#27;[35m[WD Proxy]&amp#27;[39m Got response with status 200: {"sessionId":"60aca030-2957-44c4-aa2a-1bb229c5be08","value":2.75}
[debug] &amp#27;[35m[WD Proxy]&amp#27;[39m Matched '/appium/device/system_bars' to command name 'getSystemBars'
[debug] &amp#27;[35m[WD Proxy]&amp#27;[39m Proxying [GET /appium/device/system_bars] to [GET http://127.0.0.1:8200/wd/hub/session/60aca030-2957-44c4-aa2a-1bb229c5be08/appium/device/system_bars] with no body
[debug] &amp#27;[35m[WD Proxy]&amp#27;[39m Got response with status 200: {"sessionId":"60aca030-2957-44c4-aa2a-1bb229c5be08","value":{"statusBar":66}}
[debug] &amp#27;[35m[WD Proxy]&amp#27;[39m Matched '/window/current/size' to command name 'getWindowSize'
[debug] &amp#27;[35m[WD Proxy]&amp#27;[39m Proxying [GET /window/current/size] to [GET http://127.0.0.1:8200/wd/hub/session/60aca030-2957-44c4-aa2a-1bb229c5be08/window/current/size] with no body
[debug] &amp#27;[35m[WD Proxy]&amp#27;[39m Got response with status 200: {"sessionId":"60aca030-2957-44c4-aa2a-1bb229c5be08","value":{"height":2208,"width":1080}}
&amp#27;[35m[Appium]&amp#27;[39m New AndroidUiautomator2Driver session created successfully, session 52e12fb1-00a8-4506-a3c1-ae82ce10d5b9 added to master session list
[debug] &amp#27;[35m[BaseDriver]&amp#27;[39m Event 'newSessionStarted' logged at 1676439016203 (11:00:16 GMT+0530 (India Standard Time))
[debug] &amp#27;[35m[W3C (52e12fb1)]&amp#27;[39m Cached the protocol value 'W3C' for the new session 52e12fb1-00a8-4506-a3c1-ae82ce10d5b9
[debug] &amp#27;[35m[W3C (52e12fb1)]&amp#27;[39m Responding to client with driver.createSession() result: {"capabilities":{"platform":"LINUX","webStorageEnabled":false,"takesScreenshot":true,"javascriptEnabled":true,"databaseEnabled":false,"networkConnectionEnabled":true,"locationContextEnabled":false,"warnings":{},"desired":{"platformName":"android","app":"./AppApk/apidemos.apk","appActivity":".ApiDemos","appPackage":"com.hmh.api","deviceName":"Android","platformVersion":"8.1"},"platformName":"android","app":"./AppApk/apidemos.apk","appActivity":".ApiDemos","appPackage":"com.hmh.api","deviceName":"emulator-5554","platformVersion":"8.1.0","deviceUDID":"emulator-5554","deviceApiLevel":27,"deviceScreenSize":"1080x2340","deviceScreenDensity":440,"deviceModel":"Android SDK built for x86","deviceManufacturer":"Google","pixelRatio":2.75,"statBarHeight":66,"viewportRect":{"left":0,"top":66,"width":1080,"height":2142}}}
&amp#27;[35m[HTTP]&amp#27;[39m &amp#27;[37m<-- POST /wd/hub/session &amp#27;[39m&amp#27;[32m200&amp#27;[39m &amp#27;[90m9495 ms - 880&amp#27;[39m
&amp#27;[35m[HTTP]&amp#27;[39m &amp#27;[90m&amp#27;[39m
&amp#27;[35m[HTTP]&amp#27;[39m &amp#27;[37m-->&amp#27;[39m &amp#27;[37mGET&amp#27;[39m &amp#27;[37m/wd/hub/session/52e12fb1-00a8-4506-a3c1-ae82ce10d5b9&amp#27;[39m
&amp#27;[35m[HTTP]&amp#27;[39m &amp#27;[90m{}&amp#27;[39m
[debug] &amp#27;[35m[W3C (52e12fb1)]&amp#27;[39m Calling AppiumDriver.getSession() with args: ["52e12fb1-00a8-4506-a3c1-ae82ce10d5b9"]
[debug] &amp#27;[35m[UiAutomator2]&amp#27;[39m Getting session details from server to mix in
[debug] &amp#27;[35m[WD Proxy]&amp#27;[39m Matched '/' to command name 'getSession'
[debug] &amp#27;[35m[WD Proxy]&amp#27;[39m Proxying [GET /] to [GET http://127.0.0.1:8200/wd/hub/session/60aca030-2957-44c4-aa2a-1bb229c5be08] with no body
[debug] &amp#27;[35m[WD Proxy]&amp#27;[39m Got response with status 200: {"sessionId":"60aca030-2957-44c4-aa2a-1bb229c5be08","value":{"lastScrollData":null}}
[debug] &amp#27;[35m[W3C (52e12fb1)]&amp#27;[39m Responding to client with driver.getSession() result: {"platform":"LINUX","webStorageEnabled":false,"takesScreenshot":true,"javascriptEnabled":true,"databaseEnabled":false,"networkConnectionEnabled":true,"locationContextEnabled":false,"warnings":{},"desired":{"platformName":"android","app":"./AppApk/apidemos.apk","appActivity":".ApiDemos","appPackage":"com.hmh.api","deviceName":"Android","platformVersion":"8.1"},"platformName":"android","app":"./AppApk/apidemos.apk","appActivity":".ApiDemos","appPackage":"com.hmh.api","deviceName":"emulator-5554","platformVersion":"8.1.0","deviceUDID":"emulator-5554","deviceApiLevel":27,"deviceScreenSize":"1080x2340","deviceScreenDensity":440,"deviceModel":"Android SDK built for x86","deviceManufacturer":"Google","pixelRatio":2.75,"statBarHeight":66,"viewportRect":{"left":0,"top":66,"width":1080,"height":2142},"lastScrollData":null}
&amp#27;[35m[HTTP]&amp#27;[39m &amp#27;[37m<-- GET /wd/hub/session/52e12fb1-00a8-4506-a3c1-ae82ce10d5b9 &amp#27;[39m&amp#27;[32m200&amp#27;[39m &amp#27;[90m28 ms - 834&amp#27;[39m
&amp#27;[35m[HTTP]&amp#27;[39m &amp#27;[90m&amp#27;[39m
&amp#27;[35m[HTTP]&amp#27;[39m &amp#27;[37m-->&amp#27;[39m &amp#27;[37mGET&amp#27;[39m &amp#27;[37m/wd/hub/session/52e12fb1-00a8-4506-a3c1-ae82ce10d5b9&amp#27;[39m
&amp#27;[35m[HTTP]&amp#27;[39m &amp#27;[90m{}&amp#27;[39m
[debug] &amp#27;[35m[W3C (52e12fb1)]&amp#27;[39m Calling AppiumDriver.getSession() with args: ["52e12fb1-00a8-4506-a3c1-ae82ce10d5b9"]
[debug] &amp#27;[35m[UiAutomator2]&amp#27;[39m Getting session details from server to mix in
[debug] &amp#27;[35m[WD Proxy]&amp#27;[39m Matched '/' to command name 'getSession'
[debug] &amp#27;[35m[WD Proxy]&amp#27;[39m Proxying [GET /] to [GET http://127.0.0.1:8200/wd/hub/session/60aca030-2957-44c4-aa2a-1bb229c5be08] with no body
[debug] &amp#27;[35m[WD Proxy]&amp#27;[39m Got response with status 200: {"sessionId":"60aca030-2957-44c4-aa2a-1bb229c5be08","value":{"lastScrollData":null}}
[debug] &amp#27;[35m[W3C (52e12fb1)]&amp#27;[39m Responding to client with driver.getSession() result: {"platform":"LINUX","webStorageEnabled":false,"takesScreenshot":true,"javascriptEnabled":true,"databaseEnabled":false,"networkConnectionEnabled":true,"locationContextEnabled":false,"warnings":{},"desired":{"platformName":"android","app":"./AppApk/apidemos.apk","appActivity":".ApiDemos","appPackage":"com.hmh.api","deviceName":"Android","platformVersion":"8.1"},"platformName":"android","app":"./AppApk/apidemos.apk","appActivity":".ApiDemos","appPackage":"com.hmh.api","deviceName":"emulator-5554","platformVersion":"8.1.0","deviceUDID":"emulator-5554","deviceApiLevel":27,"deviceScreenSize":"1080x2340","deviceScreenDensity":440,"deviceModel":"Android SDK built for x86","deviceManufacturer":"Google","pixelRatio":2.75,"statBarHeight":66,"viewportRect":{"left":0,"top":66,"width":1080,"height":2142},"lastScrollData":null}
&amp#27;[35m[HTTP]&amp#27;[39m &amp#27;[37m<-- GET /wd/hub/session/52e12fb1-00a8-4506-a3c1-ae82ce10d5b9 &amp#27;[39m&amp#27;[32m200&amp#27;[39m &amp#27;[90m22 ms - 834&amp#27;[39m
&amp#27;[35m[HTTP]&amp#27;[39m &amp#27;[90m&amp#27;[39m
&amp#27;[35m[HTTP]&amp#27;[39m &amp#27;[37m-->&amp#27;[39m &amp#27;[37mGET&amp#27;[39m &amp#27;[37m/wd/hub/session/52e12fb1-00a8-4506-a3c1-ae82ce10d5b9&amp#27;[39m
&amp#27;[35m[HTTP]&amp#27;[39m &amp#27;[90m{}&amp#27;[39m
[debug] &amp#27;[35m[W3C (52e12fb1)]&amp#27;[39m Calling AppiumDriver.getSession() with args: ["52e12fb1-00a8-4506-a3c1-ae82ce10d5b9"]
[debug] &amp#27;[35m[UiAutomator2]&amp#27;[39m Getting session details from server to mix in
[debug] &amp#27;[35m[WD Proxy]&amp#27;[39m Matched '/' to command name 'getSession'
[debug] &amp#27;[35m[WD Proxy]&amp#27;[39m Proxying [GET /] to [GET http://127.0.0.1:8200/wd/hub/session/60aca030-2957-44c4-aa2a-1bb229c5be08] with no body
[debug] &amp#27;[35m[WD Proxy]&amp#27;[39m Got response with status 200: {"sessionId":"60aca030-2957-44c4-aa2a-1bb229c5be08","value":{"lastScrollData":null}}
[debug] &amp#27;[35m[W3C (52e12fb1)]&amp#27;[39m Responding to client with driver.getSession() result: {"platform":"LINUX","webStorageEnabled":false,"takesScreenshot":true,"javascriptEnabled":true,"databaseEnabled":false,"networkConnectionEnabled":true,"locationContextEnabled":false,"warnings":{},"desired":{"platformName":"android","app":"./AppApk/apidemos.apk","appActivity":".ApiDemos","appPackage":"com.hmh.api","deviceName":"Android","platformVersion":"8.1"},"platformName":"android","app":"./AppApk/apidemos.apk","appActivity":".ApiDemos","appPackage":"com.hmh.api","deviceName":"emulator-5554","platformVersion":"8.1.0","deviceUDID":"emulator-5554","deviceApiLevel":27,"deviceScreenSize":"1080x2340","deviceScreenDensity":440,"deviceModel":"Android SDK built for x86","deviceManufacturer":"Google","pixelRatio":2.75,"statBarHeight":66,"viewportRect":{"left":0,"top":66,"width":1080,"height":2142},"lastScrollData":null}
&amp#27;[35m[HTTP]&amp#27;[39m &amp#27;[37m<-- GET /wd/hub/session/52e12fb1-00a8-4506-a3c1-ae82ce10d5b9 &amp#27;[39m&amp#27;[32m200&amp#27;[39m &amp#27;[90m18 ms - 834&amp#27;[39m
&amp#27;[35m[HTTP]&amp#27;[39m &amp#27;[90m&amp#27;[39m
&amp#27;[35m[HTTP]&amp#27;[39m &amp#27;[37m-->&amp#27;[39m &amp#27;[37mGET&amp#27;[39m &amp#27;[37m/wd/hub/session/52e12fb1-00a8-4506-a3c1-ae82ce10d5b9&amp#27;[39m
&amp#27;[35m[HTTP]&amp#27;[39m &amp#27;[90m{}&amp#27;[39m
[debug] &amp#27;[35m[W3C (52e12fb1)]&amp#27;[39m Calling AppiumDriver.getSession() with args: ["52e12fb1-00a8-4506-a3c1-ae82ce10d5b9"]
[debug] &amp#27;[35m[UiAutomator2]&amp#27;[39m Getting session details from server to mix in
[debug] &amp#27;[35m[WD Proxy]&amp#27;[39m Matched '/' to command name 'getSession'
[debug] &amp#27;[35m[WD Proxy]&amp#27;[39m Proxying [GET /] to [GET http://127.0.0.1:8200/wd/hub/session/60aca030-2957-44c4-aa2a-1bb229c5be08] with no body
[debug] &amp#27;[35m[WD Proxy]&amp#27;[39m Got response with status 200: {"sessionId":"60aca030-2957-44c4-aa2a-1bb229c5be08","value":{"lastScrollData":null}}
[debug] &amp#27;[35m[W3C (52e12fb1)]&amp#27;[39m Responding to client with driver.getSession() result: {"platform":"LINUX","webStorageEnabled":false,"takesScreenshot":true,"javascriptEnabled":true,"databaseEnabled":false,"networkConnectionEnabled":true,"locationContextEnabled":false,"warnings":{},"desired":{"platformName":"android","app":"./AppApk/apidemos.apk","appActivity":".ApiDemos","appPackage":"com.hmh.api","deviceName":"Android","platformVersion":"8.1"},"platformName":"android","app":"./AppApk/apidemos.apk","appActivity":".ApiDemos","appPackage":"com.hmh.api","deviceName":"emulator-5554","platformVersion":"8.1.0","deviceUDID":"emulator-5554","deviceApiLevel":27,"deviceScreenSize":"1080x2340","deviceScreenDensity":440,"deviceModel":"Android SDK built for x86","deviceManufacturer":"Google","pixelRatio":2.75,"statBarHeight":66,"viewportRect":{"left":0,"top":66,"width":1080,"height":2142},"lastScrollData":null}
&amp#27;[35m[HTTP]&amp#27;[39m &amp#27;[37m<-- GET /wd/hub/session/52e12fb1-00a8-4506-a3c1-ae82ce10d5b9 &amp#27;[39m&amp#27;[32m200&amp#27;[39m &amp#27;[90m19 ms - 834&amp#27;[39m
&amp#27;[35m[HTTP]&amp#27;[39m &amp#27;[90m&amp#27;[39m
&amp#27;[35m[HTTP]&amp#27;[39m &amp#27;[37m-->&amp#27;[39m &amp#27;[37mGET&amp#27;[39m &amp#27;[37m/wd/hub/session/52e12fb1-00a8-4506-a3c1-ae82ce10d5b9&amp#27;[39m
&amp#27;[35m[HTTP]&amp#27;[39m &amp#27;[90m{}&amp#27;[39m
[debug] &amp#27;[35m[W3C (52e12fb1)]&amp#27;[39m Calling AppiumDriver.getSession() with args: ["52e12fb1-00a8-4506-a3c1-ae82ce10d5b9"]
[debug] &amp#27;[35m[UiAutomator2]&amp#27;[39m Getting session details from server to mix in
[debug] &amp#27;[35m[WD Proxy]&amp#27;[39m Matched '/' to command name 'getSession'
[debug] &amp#27;[35m[WD Proxy]&amp#27;[39m Proxying [GET /] to [GET http://127.0.0.1:8200/wd/hub/session/60aca030-2957-44c4-aa2a-1bb229c5be08] with no body
[debug] &amp#27;[35m[WD Proxy]&amp#27;[39m Got response with status 200: {"sessionId":"60aca030-2957-44c4-aa2a-1bb229c5be08","value":{"lastScrollData":null}}
[debug] &amp#27;[35m[W3C (52e12fb1)]&amp#27;[39m Responding to client with driver.getSession() result: {"platform":"LINUX","webStorageEnabled":false,"takesScreenshot":true,"javascriptEnabled":true,"databaseEnabled":false,"networkConnectionEnabled":true,"locationContextEnabled":false,"warnings":{},"desired":{"platformName":"android","app":"./AppApk/apidemos.apk","appActivity":".ApiDemos","appPackage":"com.hmh.api","deviceName":"Android","platformVersion":"8.1"},"platformName":"android","app":"./AppApk/apidemos.apk","appActivity":".ApiDemos","appPackage":"com.hmh.api","deviceName":"emulator-5554","platformVersion":"8.1.0","deviceUDID":"emulator-5554","deviceApiLevel":27,"deviceScreenSize":"1080x2340","deviceScreenDensity":440,"deviceModel":"Android SDK built for x86","deviceManufacturer":"Google","pixelRatio":2.75,"statBarHeight":66,"viewportRect":{"left":0,"top":66,"width":1080,"height":2142},"lastScrollData":null}
&amp#27;[35m[HTTP]&amp#27;[39m &amp#27;[37m<-- GET /wd/hub/session/52e12fb1-00a8-4506-a3c1-ae82ce10d5b9 &amp#27;[39m&amp#27;[32m200&amp#27;[39m &amp#27;[90m19 ms - 834&amp#27;[39m
&amp#27;[35m[HTTP]&amp#27;[39m &amp#27;[90m&amp#27;[39m
&amp#27;[35m[HTTP]&amp#27;[39m &amp#27;[37m-->&amp#27;[39m &amp#27;[37mPOST&amp#27;[39m &amp#27;[37m/wd/hub/session/52e12fb1-00a8-4506-a3c1-ae82ce10d5b9/element&amp#27;[39m
&amp#27;[35m[HTTP]&amp#27;[39m &amp#27;[90m{"using":"xpath","value":"/hierarchy/android.widget.FrameLayout/android.view.ViewGroup/android.widget.FrameLayout[2]/android.widget.ListView/android.widget.TextView[11]\r\n"}&amp#27;[39m
[debug] &amp#27;[35m[W3C (52e12fb1)]&amp#27;[39m Calling AppiumDriver.findElement() with args: ["xpath","/hierarchy/android.widget.FrameLayout/android.view.ViewGroup/android.widget.FrameLayout[2]/android.widget.ListView/android.widget.TextView[11]\r\n","52e12fb1-00a8-4506-a3c1-ae82ce10d5b9"]
[debug] &amp#27;[35m[BaseDriver]&amp#27;[39m Valid locator strategies for this request: xpath, id, class name, accessibility id, css selector, -android uiautomator
[debug] &amp#27;[35m[BaseDriver]&amp#27;[39m Waiting up to 0 ms for condition
[debug] &amp#27;[35m[WD Proxy]&amp#27;[39m Matched '/element' to command name 'findElement'
[debug] &amp#27;[35m[WD Proxy]&amp#27;[39m Proxying [POST /element] to [POST http://127.0.0.1:8200/wd/hub/session/60aca030-2957-44c4-aa2a-1bb229c5be08/element] with body: {"strategy":"xpath","selector":"/hierarchy/android.widget.FrameLayout/android.view.ViewGroup/android.widget.FrameLayout[2]/android.widget.ListView/android.widget.TextView[11]\r\n","context":"","multiple":false}
&amp#27;[35m[WD Proxy]&amp#27;[39m Got response with status 404: {"sessionId":"60aca030-2957-44c4-aa2a-1bb229c5be08","value":{"error":"no such element","message":"An element could not be located on the page using the given search parameters","stacktrace":"io.appium.uiautomator2.common.exceptions.ElementNotFoundException: An element could not be located on the page using the given search parameters\n\tat io.appium.uiautomator2.handler.FindElement.findElement(FindElement.java:90)\n\tat io.appium.uiautomator2.handler.FindElement.safeHandle(FindElement.java:67)\n\tat io.appium.uiautomator2.handler.request.SafeRequestHandler.handle(SafeRequestHandler.java:59)\n\tat io.appium.uiautomator2.server.AppiumServlet.handleRequest(AppiumServlet.java:266)\n\tat io.appium.uiautomator2.server.AppiumServlet.handleHttpRequest(AppiumServlet.java:260)\n\tat io.appium.uiautomator2.http.ServerHandler.channelRead(ServerHandler.java:68)\n\tat io.netty.channel.AbstractChannelHandlerContext.invokeChannelRead(AbstractChannelHandlerContext.java:366)\n\tat io.netty.channel.AbstractChannelHandlerCont...
[debug] &amp#27;[35m[W3C]&amp#27;[39m Matched W3C error code 'no such element' to NoSuchElementError
[debug] &amp#27;[35m[W3C (52e12fb1)]&amp#27;[39m Encountered internal error running command: NoSuchElementError: An element could not be located on the page using the given search parameters.
[debug] &amp#27;[35m[W3C (52e12fb1)]&amp#27;[39m     at AndroidUiautomator2Driver.findElOrEls (C:\Users\tarunsharma03\AppData\Roaming\npm\node_modules\appium\node_modules\appium-android-driver\lib\commands\find.js:75:11)
[debug] &amp#27;[35m[W3C (52e12fb1)]&amp#27;[39m     at runMicrotasks (<anonymous>)
[debug] &amp#27;[35m[W3C (52e12fb1)]&amp#27;[39m     at processTicksAndRejections (internal/process/task_queues.js:93:5)
[debug] &amp#27;[35m[W3C (52e12fb1)]&amp#27;[39m     at AndroidUiautomator2Driver.findElOrElsWithProcessing (C:\Users\tarunsharma03\AppData\Roaming\npm\node_modules\appium\node_modules\appium-base-driver\lib\basedriver\commands\find.js:33:12)
[debug] &amp#27;[35m[W3C (52e12fb1)]&amp#27;[39m     at AndroidUiautomator2Driver.findElement (C:\Users\tarunsharma03\AppData\Roaming\npm\node_modules\appium\node_modules\appium-base-driver\lib\basedriver\commands\find.js:53:10)
&amp#27;[35m[HTTP]&amp#27;[39m &amp#27;[37m<-- POST /wd/hub/session/52e12fb1-00a8-4506-a3c1-ae82ce10d5b9/element &amp#27;[39m&amp#27;[33m404&amp#27;[39m &amp#27;[90m559 ms - 938&amp#27;[39m
&amp#27;[35m[HTTP]&amp#27;[39m &amp#27;[90m&amp#27;[39m
&amp#27;[35m[HTTP]&amp#27;[39m &amp#27;[37m-->&amp#27;[39m &amp#27;[37mPOST&amp#27;[39m &amp#27;[37m/wd/hub/session/52e12fb1-00a8-4506-a3c1-ae82ce10d5b9/element&amp#27;[39m
&amp#27;[35m[HTTP]&amp#27;[39m &amp#27;[90m{"using":"xpath","value":"/hierarchy/android.widget.FrameLayout/android.view.ViewGroup/android.widget.FrameLayout[2]/android.widget.ListView/android.widget.TextView[11]\r\n"}&amp#27;[39m
[debug] &amp#27;[35m[W3C (52e12fb1)]&amp#27;[39m Calling AppiumDriver.findElement() with args: ["xpath","/hierarchy/android.widget.FrameLayout/android.view.ViewGroup/android.widget.FrameLayout[2]/android.widget.ListView/android.widget.TextView[11]\r\n","52e12fb1-00a8-4506-a3c1-ae82ce10d5b9"]
[debug] &amp#27;[35m[BaseDriver]&amp#27;[39m Valid locator strategies for this request: xpath, id, class name, accessibility id, css selector, -android uiautomator
[debug] &amp#27;[35m[BaseDriver]&amp#27;[39m Waiting up to 0 ms for condition
[debug] &amp#27;[35m[WD Proxy]&amp#27;[39m Matched '/element' to command name 'findElement'
[debug] &amp#27;[35m[WD Proxy]&amp#27;[39m Proxying [POST /element] to [POST http://127.0.0.1:8200/wd/hub/session/60aca030-2957-44c4-aa2a-1bb229c5be08/element] with body: {"strategy":"xpath","selector":"/hierarchy/android.widget.FrameLayout/android.view.ViewGroup/android.widget.FrameLayout[2]/android.widget.ListView/android.widget.TextView[11]\r\n","context":"","multiple":false}
&amp#27;[35m[WD Proxy]&amp#27;[39m Got response with status 404: {"sessionId":"60aca030-2957-44c4-aa2a-1bb229c5be08","value":{"error":"no such element","message":"An element could not be located on the page using the given search parameters","stacktrace":"io.appium.uiautomator2.common.exceptions.ElementNotFoundException: An element could not be located on the page using the given search parameters\n\tat io.appium.uiautomator2.handler.FindElement.findElement(FindElement.java:90)\n\tat io.appium.uiautomator2.handler.FindElement.safeHandle(FindElement.java:67)\n\tat io.appium.uiautomator2.handler.request.SafeRequestHandler.handle(SafeRequestHandler.java:59)\n\tat io.appium.uiautomator2.server.AppiumServlet.handleRequest(AppiumServlet.java:266)\n\tat io.appium.uiautomator2.server.AppiumServlet.handleHttpRequest(AppiumServlet.java:260)\n\tat io.appium.uiautomator2.http.ServerHandler.channelRead(ServerHandler.java:68)\n\tat io.netty.channel.AbstractChannelHandlerContext.invokeChannelRead(AbstractChannelHandlerContext.java:366)\n\tat io.netty.channel.AbstractChannelHandlerCont...
[debug] &amp#27;[35m[W3C]&amp#27;[39m Matched W3C error code 'no such element' to NoSuchElementError
[debug] &amp#27;[35m[W3C (52e12fb1)]&amp#27;[39m Encountered internal error running command: NoSuchElementError: An element could not be located on the page using the given search parameters.
[debug] &amp#27;[35m[W3C (52e12fb1)]&amp#27;[39m     at AndroidUiautomator2Driver.findElOrEls (C:\Users\tarunsharma03\AppData\Roaming\npm\node_modules\appium\node_modules\appium-android-driver\lib\commands\find.js:75:11)
[debug] &amp#27;[35m[W3C (52e12fb1)]&amp#27;[39m     at runMicrotasks (<anonymous>)
[debug] &amp#27;[35m[W3C (52e12fb1)]&amp#27;[39m     at processTicksAndRejections (internal/process/task_queues.js:93:5)
[debug] &amp#27;[35m[W3C (52e12fb1)]&amp#27;[39m     at AndroidUiautomator2Driver.findElOrElsWithProcessing (C:\Users\tarunsharma03\AppData\Roaming\npm\node_modules\appium\node_modules\appium-base-driver\lib\basedriver\commands\find.js:33:12)
[debug] &amp#27;[35m[W3C (52e12fb1)]&amp#27;[39m     at AndroidUiautomator2Driver.findElement (C:\Users\tarunsharma03\AppData\Roaming\npm\node_modules\appium\node_modules\appium-base-driver\lib\basedriver\commands\find.js:53:10)
&amp#27;[35m[HTTP]&amp#27;[39m &amp#27;[37m<-- POST /wd/hub/session/52e12fb1-00a8-4506-a3c1-ae82ce10d5b9/element &amp#27;[39m&amp#27;[33m404&amp#27;[39m &amp#27;[90m92 ms - 938&amp#27;[39m
&amp#27;[35m[HTTP]&amp#27;[39m &amp#27;[90m&amp#27;[39m
&amp#27;[35m[HTTP]&amp#27;[39m &amp#27;[37m-->&amp#27;[39m &amp#27;[37mPOST&amp#27;[39m &amp#27;[37m/wd/hub/session/52e12fb1-00a8-4506-a3c1-ae82ce10d5b9/element&amp#27;[39m
&amp#27;[35m[HTTP]&amp#27;[39m &amp#27;[90m{"using":"xpath","value":"/hierarchy/android.widget.FrameLayout/android.view.ViewGroup/android.widget.FrameLayout[2]/android.widget.ListView/android.widget.TextView[11]\r\n"}&amp#27;[39m
[debug] &amp#27;[35m[W3C (52e12fb1)]&amp#27;[39m Calling AppiumDriver.findElement() with args: ["xpath","/hierarchy/android.widget.FrameLayout/android.view.ViewGroup/android.widget.FrameLayout[2]/android.widget.ListView/android.widget.TextView[11]\r\n","52e12fb1-00a8-4506-a3c1-ae82ce10d5b9"]
[debug] &amp#27;[35m[BaseDriver]&amp#27;[39m Valid locator strategies for this request: xpath, id, class name, accessibility id, css selector, -android uiautomator
[debug] &amp#27;[35m[BaseDriver]&amp#27;[39m Waiting up to 0 ms for condition
[debug] &amp#27;[35m[WD Proxy]&amp#27;[39m Matched '/element' to command name 'findElement'
[debug] &amp#27;[35m[WD Proxy]&amp#27;[39m Proxying [POST /element] to [POST http://127.0.0.1:8200/wd/hub/session/60aca030-2957-44c4-aa2a-1bb229c5be08/element] with body: {"strategy":"xpath","selector":"/hierarchy/android.widget.FrameLayout/android.view.ViewGroup/android.widget.FrameLayout[2]/android.widget.ListView/android.widget.TextView[11]\r\n","context":"","multiple":false}
&amp#27;[35m[WD Proxy]&amp#27;[39m Got response with status 404: {"sessionId":"60aca030-2957-44c4-aa2a-1bb229c5be08","value":{"error":"no such element","message":"An element could not be located on the page using the given search parameters","stacktrace":"io.appium.uiautomator2.common.exceptions.ElementNotFoundException: An element could not be located on the page using the given search parameters\n\tat io.appium.uiautomator2.handler.FindElement.findElement(FindElement.java:90)\n\tat io.appium.uiautomator2.handler.FindElement.safeHandle(FindElement.java:67)\n\tat io.appium.uiautomator2.handler.request.SafeRequestHandler.handle(SafeRequestHandler.java:59)\n\tat io.appium.uiautomator2.server.AppiumServlet.handleRequest(AppiumServlet.java:266)\n\tat io.appium.uiautomator2.server.AppiumServlet.handleHttpRequest(AppiumServlet.java:260)\n\tat io.appium.uiautomator2.http.ServerHandler.channelRead(ServerHandler.java:68)\n\tat io.netty.channel.AbstractChannelHandlerContext.invokeChannelRead(AbstractChannelHandlerContext.java:366)\n\tat io.netty.channel.AbstractChannelHandlerCont...
[debug] &amp#27;[35m[W3C]&amp#27;[39m Matched W3C error code 'no such element' to NoSuchElementError
[debug] &amp#27;[35m[W3C (52e12fb1)]&amp#27;[39m Encountered internal error running command: NoSuchElementError: An element could not be located on the page using the given search parameters.
[debug] &amp#27;[35m[W3C (52e12fb1)]&amp#27;[39m     at AndroidUiautomator2Driver.findElOrEls (C:\Users\tarunsharma03\AppData\Roaming\npm\node_modules\appium\node_modules\appium-android-driver\lib\commands\find.js:75:11)
[debug] &amp#27;[35m[W3C (52e12fb1)]&amp#27;[39m     at runMicrotasks (<anonymous>)
[debug] &amp#27;[35m[W3C (52e12fb1)]&amp#27;[39m     at processTicksAndRejections (internal/process/task_queues.js:93:5)
[debug] &amp#27;[35m[W3C (52e12fb1)]&amp#27;[39m     at AndroidUiautomator2Driver.findElOrElsWithProcessing (C:\Users\tarunsharma03\AppData\Roaming\npm\node_modules\appium\node_modules\appium-base-driver\lib\basedriver\commands\find.js:33:12)
[debug] &amp#27;[35m[W3C (52e12fb1)]&amp#27;[39m     at AndroidUiautomator2Driver.findElement (C:\Users\tarunsharma03\AppData\Roaming\npm\node_modules\appium\node_modules\appium-base-driver\lib\basedriver\commands\find.js:53:10)
&amp#27;[35m[HTTP]&amp#27;[39m &amp#27;[37m<-- POST /wd/hub/session/52e12fb1-00a8-4506-a3c1-ae82ce10d5b9/element &amp#27;[39m&amp#27;[33m404&amp#27;[39m &amp#27;[90m71 ms - 938&amp#27;[39m
&amp#27;[35m[HTTP]&amp#27;[39m &amp#27;[90m&amp#27;[39m
&amp#27;[35m[HTTP]&amp#27;[39m &amp#27;[37m-->&amp#27;[39m &amp#27;[37mGET&amp#27;[39m &amp#27;[37m/wd/hub/session/52e12fb1-00a8-4506-a3c1-ae82ce10d5b9/screenshot&amp#27;[39m
&amp#27;[35m[HTTP]&amp#27;[39m &amp#27;[90m{}&amp#27;[39m
[debug] &amp#27;[35m[W3C (52e12fb1)]&amp#27;[39m Calling AppiumDriver.getScreenshot() with args: ["52e12fb1-00a8-4506-a3c1-ae82ce10d5b9"]
[debug] &amp#27;[35m[WD Proxy]&amp#27;[39m Matched '/screenshot' to command name 'getScreenshot'
[debug] &amp#27;[35m[WD Proxy]&amp#27;[39m Proxying [GET /screenshot] to [GET http://127.0.0.1:8200/wd/hub/session/60aca030-2957-44c4-aa2a-1bb229c5be08/screenshot] with no body
[debug] &amp#27;[35m[WD Proxy]&amp#27;[39m Got response with status 200: {"sessionId":"60aca030-2957-44c4-aa2a-1bb229c5be08","value":"iVBORw0KGgoAAAANSUhEUgAABDgAAAkkCAYAAAD508+vAAAABHNCSVQICAgIfAhkiAAAIABJREFU\neJzs3Xt0lPWdP/D33O+T+yQhCblCgAQIFBAiN4sUUNfqQewdC6dIVdaFdbft6krV6u7pttW63e6W\nUlv07LEWSqutF5CiIijIRa4BAgFCQkJuk0kmc7/+/sjO/AiZZzJJJpk8w/t1zp41z/PM9/lmSCjP\ne76fz1cCIAgiIiIiIiIiIhGTJnoCRERERERERETDxYCDiIiIiIiIiESPAQcRERERERERiR4DDiIi\nIiIiIiISPQYcRERERERERCR6DDiIiIiIiIiISPQYcBARERERERGR6DHgICIiIiIiIiLRY8BBRERE\nRERERKInT/QEKPHkcjkKCwtx//3341vf+hYyMzMBAMFgEBKJpM+1Nx7r6urC//7v/+JPf/oTLl++\nDJ/Ph2AwOOrzJyIiIiIiIpIA4BPpLUgikUChUOAb3/gGvv/978NgMISPD0Yo0HA4HHjppZfwyiuv\nwOPxMOggIiIiIiKiUcWA4wYymQwmkynqNW1tbfD7/aM0o5EhkUiwdu1aPP3001AoFIMONYQEg0F4\nvV5Mnz4d3d3dcRmTxg6ZTAYAov/5JyIiIiKi5MQSlf+jUqkwf/58LFy4MOp1Bw8exEcffQSXyzVK\nM4uv7Oxs7Nq1CyaTKW7BRohEIoFSqcTXvvY1bNmyRdSrOHQ6HebMmYPp06eHH+yHwm63o6amBqdO\nnRJN6COVSqFSqaDVaqHVaqFSqSCVSvsEHIFAAG63Gw6HAw6HA263G4FAIMEzJyIiorGkoqICRqMR\n8+bNAwBUV1cLXvvpp58C6P23ttVqRU1NzajMkYCOjo6Yrw2VshONVVzB8X+ysrLwyiuvYNasWVGv\nO3PmDL75zW+ira1tlGYWHxKJ...
[debug] &amp#27;[35m[W3C (52e12fb1)]&amp#27;[39m Responding to client with driver.getScreenshot() result: "iVBORw0KGgoAAAANSUhEUgAABDgAAAkkCAYAAAD508+vAAAABHNCSVQICAgIfAhkiAAAIABJREFU\neJzs3Xt0lPWdP/D33O+T+yQhCblCgAQIFBAiN4sUUNfqQewdC6dIVdaFdbft6krV6u7pttW63e6W\nUlv07LEWSqutF5CiIijIRa4BAgFCQkJuk0kmc7/+/sjO/AiZZzJJJpk8w/t1zp41z/PM9/lmSCjP\ne76fz1cCIAgiIiIiIiIiIhGTJnoCRERERERERETDxYCDiIiIiIiIiESPAQcRERERERERiR4DDiIi\nIiIiIiISPQYcRERERERERCR6DDiIiIiIiIiISPQYcBARERERERGR6DHgICIiIiIiIiLRY8BBRERE\nRERERKInT/QEKPHkcjkKCwtx//3341vf+hYyMzMBAMFgEBKJpM+1Nx7r6urC//7v/+JPf/oTLl++\nDJ/Ph2AwOOrzJyIiIiIiIpIA4BPpLUgikUChUOAb3/gGvv/978NgMISPD0Yo0HA4HHjppZfwyiuv\nwOPxMOggIiIiIiKiUcWA4wYymQwmkynqNW1tbfD7/aM0o5EhkUiwdu1aPP3001AoFIMONYQEg0F4\nvV5Mnz4d3d3dcRmTxg6ZTAYAov/5JyIiIiKi5MQSlf+jUqkwf/58LFy4MOp1Bw8exEcffQSXyzVK\nM4uv7Oxs7Nq1CyaTKW7BRohEIoFSqcTXvvY1bNmyRdSrOHQ6HebMmYPp06eHH+yHwm63o6amBqdO\nnRJN6COVSqFSqaDVaqHVaqFSqSCVSvsEHIFAAG63Gw6HAw6HA263G4FAIMEzJyIiorGkoqICRqMR\n8+bNAwBUV1cLXvvpp58C6P23ttVqRU1NzajMkYCOjo6Yrw2VshONVVzB8X+ysrLwyiuvYNasWVGv\nO3PmDL75zW+ira1tlGYWHxKJBKtXr8aPfvQjyOUjm2v5/X4UFhYiEAiEQxQxhR1yuRwLFizAhg0b\nMHv27G...
&amp#27;[35m[HTTP]&amp#27;[39m &amp#27;[37m<-- GET /wd/hub/session/52e12fb1-00a8-4506-a3c1-ae82ce10d5b9/screenshot &amp#27;[39m&amp#27;[32m200&amp#27;[39m &amp#27;[90m382 ms - 114316&amp#27;[39m
&amp#27;[35m[HTTP]&amp#27;[39m &amp#27;[90m&amp#27;[39m
&amp#27;[35m[HTTP]&amp#27;[39m &amp#27;[37m-->&amp#27;[39m &amp#27;[37mDELETE&amp#27;[39m &amp#27;[37m/wd/hub/session/52e12fb1-00a8-4506-a3c1-ae82ce10d5b9&amp#27;[39m
&amp#27;[35m[HTTP]&amp#27;[39m &amp#27;[90m{}&amp#27;[39m
[debug] &amp#27;[35m[W3C (52e12fb1)]&amp#27;[39m Calling AppiumDriver.deleteSession() with args: ["52e12fb1-00a8-4506-a3c1-ae82ce10d5b9"]
[debug] &amp#27;[35m[BaseDriver]&amp#27;[39m Event 'quitSessionRequested' logged at 1676439019504 (11:00:19 GMT+0530 (India Standard Time))
&amp#27;[35m[Appium]&amp#27;[39m Removing session 52e12fb1-00a8-4506-a3c1-ae82ce10d5b9 from our master session list
[debug] &amp#27;[35m[UiAutomator2]&amp#27;[39m Deleting UiAutomator2 session
[debug] &amp#27;[35m[UiAutomator2]&amp#27;[39m Deleting UiAutomator2 server session
[debug] &amp#27;[35m[WD Proxy]&amp#27;[39m Matched '/' to command name 'deleteSession'
[debug] &amp#27;[35m[WD Proxy]&amp#27;[39m Proxying [DELETE /] to [DELETE http://127.0.0.1:8200/wd/hub/session/60aca030-2957-44c4-aa2a-1bb229c5be08] with no body
[debug] &amp#27;[35m[WD Proxy]&amp#27;[39m Got response with status 200: {"sessionId":"60aca030-2957-44c4-aa2a-1bb229c5be08","value":null}
[debug] &amp#27;[35m[ADB]&amp#27;[39m Running 'C:\Users\tarunsharma03\AppData\Local\Android\Sdk\platform-tools\adb.exe -P 5037 -s emulator-5554 shell am force-stop com.hmh.api'
[debug] &amp#27;[35m[Logcat]&amp#27;[39m Stopping logcat capture
[debug] &amp#27;[35m[ADB]&amp#27;[39m Removing forwarded port socket connection: 8200 
[debug] &amp#27;[35m[ADB]&amp#27;[39m Running 'C:\Users\tarunsharma03\AppData\Local\Android\Sdk\platform-tools\adb.exe -P 5037 -s emulator-5554 forward --remove tcp:8200'
[debug] &amp#27;[35m[BaseDriver]&amp#27;[39m Event 'quitSessionFinished' logged at 1676439019811 (11:00:19 GMT+0530 (India Standard Time))
[debug] &amp#27;[35m[W3C (52e12fb1)]&amp#27;[39m Received response: null
[debug] &amp#27;[35m[W3C (52e12fb1)]&amp#27;[39m But deleting session, so not returning
[debug] &amp#27;[35m[W3C (52e12fb1)]&amp#27;[39m Responding to client with driver.deleteSession() result: null
&amp#27;[35m[HTTP]&amp#27;[39m &amp#27;[37m<-- DELETE /wd/hub/session/52e12fb1-00a8-4506-a3c1-ae82ce10d5b9 &amp#27;[39m&amp#27;[32m200&amp#27;[39m &amp#27;[90m310 ms - 14&amp#27;[39m
&amp#27;[35m[HTTP]&amp#27;[39m &amp#27;[90m&amp#27;[39m
]]></system-out>
    <system-err><![CDATA[Feb 15, 2023 11:00:16 AM io.appium.java_client.remote.AppiumCommandExecutor$1 lambda$0
INFO: Detected dialect: W3C
log4j:WARN No appenders could be found for logger (StepDefinitions.ApiDemos.AppPrefrencesScreenStep).
log4j:WARN Please initialize the log4j system properly.
log4j:WARN See http://logging.apache.org/log4j/1.2/faq.html#noconfig for more info.
]]></system-err>
  </testcase>
  <testcase name="feature" classname="TestRunnerFile.ApiDemos.AppRunner" time="36.448">
    <failure message="org.openqa.selenium.NoSuchElementException: Can&apos;t locate an element by this strategy: By.chained({By.xpath: /hierarchy/android.widget.FrameLayout/android.view.ViewGroup/android.widget.FrameLayout[2]/android.widget.ListView/android.widget.TextView[4]})" type="cucumber.runtime.CucumberException">cucumber.runtime.CucumberException: org.openqa.selenium.NoSuchElementException: Can't locate an element by this strategy: By.chained({By.xpath: /hierarchy/android.widget.FrameLayout/android.view.ViewGroup/android.widget.FrameLayout[2]/android.widget.ListView/android.widget.TextView[4]})
Caused by: org.openqa.selenium.NoSuchElementException: Can't locate an element by this strategy: By.chained({By.xpath: /hierarchy/android.widget.FrameLayout/android.view.ViewGroup/android.widget.FrameLayout[2]/android.widget.ListView/android.widget.TextView[4]})
Caused by: org.openqa.selenium.TimeoutException: Expected condition failed: waiting for io.appium.java_client.pagefactory.AppiumElementLocator$WaitingFunction@18dd5ed3 (tried for 1 second(s) with 500 milliseconds interval)
Caused by: org.openqa.selenium.NoSuchElementException: 
Cannot locate an element using By.chained({By.xpath: /hierarchy/android.widget.FrameLayout/android.view.ViewGroup/android.widget.FrameLayout[2]/android.widget.ListView/android.widget.TextView[4]})
For documentation on this error, please visit: http://seleniumhq.org/exceptions/no_such_element.html
Build info: version: '3.141.5', revision: 'd54ebd709a', time: '2018-11-06T11:42:16'
System info: host: 'IN-B70QVP3', ip: '192.168.29.19', os.name: 'Windows 10', os.arch: 'amd64', os.version: '10.0', java.version: '11.0.5'
Driver info: driver.version: AppiumDriver
</failure>
    <system-out><![CDATA[&amp#27;[35m[Appium]&amp#27;[39m Welcome to Appium v1.22.3
&amp#27;[35m[Appium]&amp#27;[39m Appium REST http interface listener started on 0.0.0.0:4723
&amp#27;[35m[HTTP]&amp#27;[39m &amp#27;[37m-->&amp#27;[39m &amp#27;[37mGET&amp#27;[39m &amp#27;[37m/wd/hub/status&amp#27;[39m
&amp#27;[35m[HTTP]&amp#27;[39m &amp#27;[90m{}&amp#27;[39m
[debug] &amp#27;[35m[GENERIC]&amp#27;[39m Calling AppiumDriver.getStatus() with args: []
[debug] &amp#27;[35m[GENERIC]&amp#27;[39m Responding to client with driver.getStatus() result: {"build":{"version":"1.22.3"}}
&amp#27;[35m[HTTP]&amp#27;[39m &amp#27;[37m<-- GET /wd/hub/status &amp#27;[39m&amp#27;[32m200&amp#27;[39m &amp#27;[90m6 ms - 68&amp#27;[39m
&amp#27;[35m[HTTP]&amp#27;[39m &amp#27;[90m&amp#27;[39m
&amp#27;[35m[HTTP]&amp#27;[39m &amp#27;[37m-->&amp#27;[39m &amp#27;[37mPOST&amp#27;[39m &amp#27;[37m/wd/hub/session&amp#27;[39m
&amp#27;[35m[HTTP]&amp#27;[39m &amp#27;[90m{"desiredCapabilities":{"app":"./AppApk/apidemos.apk","appActivity":".ApiDemos","appPackage":"com.hmh.api","platformVersion":"8.1","platformName":"Android","deviceName":"Android"},"capabilities":{"alwaysMatch":{"appium:app":"./AppApk/apidemos.apk","appium:appActivity":".ApiDemos","appium:appPackage":"com.hmh.api","appium:deviceName":"Android","platformName":"android","appium:platformVersion":"8.1"},"firstMatch":[{}]}}&amp#27;[39m
[debug] &amp#27;[35m[W3C]&amp#27;[39m Calling AppiumDriver.createSession() with args: [{"app":"./AppApk/apidemos.apk","appActivity":".ApiDemos","appPackage":"com.hmh.api","platformVersion":"8.1","platformName":"Android","deviceName":"Android"},null,{"alwaysMatch":{"appium:app":"./AppApk/apidemos.apk","appium:appActivity":".ApiDemos","appium:appPackage":"com.hmh.api","appium:deviceName":"Android","platformName":"android","appium:platformVersion":"8.1"},"firstMatch":[{}]}]
[debug] &amp#27;[35m[BaseDriver]&amp#27;[39m Event 'newSessionRequested' logged at 1676439022993 (11:00:22 GMT+0530 (India Standard Time))
&amp#27;[35m[Appium]&amp#27;[39m 
&amp#27;[35m[Appium]&amp#27;[39m ======================================================================
&amp#27;[35m[Appium]&amp#27;[39m   DEPRECATION WARNING:
&amp#27;[35m[Appium]&amp#27;[39m 
&amp#27;[35m[Appium]&amp#27;[39m   The 'automationName' capability was not provided in the desired 
&amp#27;[35m[Appium]&amp#27;[39m   capabilities for this Android session
&amp#27;[35m[Appium]&amp#27;[39m 
&amp#27;[35m[Appium]&amp#27;[39m   Setting 'automationName=UiAutomator2' by default and using the 
&amp#27;[35m[Appium]&amp#27;[39m   UiAutomator2 Driver
&amp#27;[35m[Appium]&amp#27;[39m 
&amp#27;[35m[Appium]&amp#27;[39m   The next major version of Appium (2.x) will **require** the 
&amp#27;[35m[Appium]&amp#27;[39m   'automationName' capability to be set for all sessions on all 
&amp#27;[35m[Appium]&amp#27;[39m   platforms
&amp#27;[35m[Appium]&amp#27;[39m 
&amp#27;[35m[Appium]&amp#27;[39m   In previous versions (Appium <= 1.13.x), the default was 
&amp#27;[35m[Appium]&amp#27;[39m   'automationName=UiAutomator1'
&amp#27;[35m[Appium]&amp#27;[39m 
&amp#27;[35m[Appium]&amp#27;[39m   If you wish to use that automation instead of UiAutomator2, please 
&amp#27;[35m[Appium]&amp#27;[39m   add 'automationName=UiAutomator1' to your desired capabilities
&amp#27;[35m[Appium]&amp#27;[39m 
&amp#27;[35m[Appium]&amp#27;[39m   For more information about drivers, please visit 
&amp#27;[35m[Appium]&amp#27;[39m   http://appium.io/docs/en/about-appium/intro/ and explore the 
&amp#27;[35m[Appium]&amp#27;[39m   'Drivers' menu
&amp#27;[35m[Appium]&amp#27;[39m 
&amp#27;[35m[Appium]&amp#27;[39m ======================================================================
&amp#27;[35m[Appium]&amp#27;[39m 
&amp#27;[35m[Appium]&amp#27;[39m Appium v1.22.3 creating new AndroidUiautomator2Driver (v1.70.1) session
[debug] &amp#27;[35m[BaseDriver]&amp#27;[39m W3C capabilities and MJSONWP desired capabilities were provided
[debug] &amp#27;[35m[BaseDriver]&amp#27;[39m Creating session with W3C capabilities: {
[debug] &amp#27;[35m[BaseDriver]&amp#27;[39m   "alwaysMatch": {
[debug] &amp#27;[35m[BaseDriver]&amp#27;[39m     "platformName": "android",
[debug] &amp#27;[35m[BaseDriver]&amp#27;[39m     "appium:app": "./AppApk/apidemos.apk",
[debug] &amp#27;[35m[BaseDriver]&amp#27;[39m     "appium:appActivity": ".ApiDemos",
[debug] &amp#27;[35m[BaseDriver]&amp#27;[39m     "appium:appPackage": "com.hmh.api",
[debug] &amp#27;[35m[BaseDriver]&amp#27;[39m     "appium:deviceName": "Android",
[debug] &amp#27;[35m[BaseDriver]&amp#27;[39m     "appium:platformVersion": "8.1"
[debug] &amp#27;[35m[BaseDriver]&amp#27;[39m   },
[debug] &amp#27;[35m[BaseDriver]&amp#27;[39m   "firstMatch": [
[debug] &amp#27;[35m[BaseDriver]&amp#27;[39m     {}
[debug] &amp#27;[35m[BaseDriver]&amp#27;[39m   ]
[debug] &amp#27;[35m[BaseDriver]&amp#27;[39m }
&amp#27;[35m[BaseDriver]&amp#27;[39m Session created with session id: fe8f0075-400b-42c6-8513-d52360b37b25
&amp#27;[35m[BaseDriver]&amp#27;[39m Using local app './AppApk/apidemos.apk'
&amp#27;[35m[BaseDriver]&amp#27;[39m The current application path './AppApk/apidemos.apk' is not absolute and has been rewritten to 'C:\Users\tarunsharma03\Desktop\exittest\ApiDemosAppium\AppApk\apidemos.apk'. Consider using absolute paths rather than relative
[debug] &amp#27;[35m[UiAutomator2]&amp#27;[39m Checking whether app is actually present
&amp#27;[35m[ADB]&amp#27;[39m Found 1 'build-tools' folders under 'C:\Users\tarunsharma03\AppData\Local\Android\Sdk' (newest first):
&amp#27;[35m[ADB]&amp#27;[39m     C:/Users/tarunsharma03/AppData/Local/Android/Sdk/build-tools/33.0.0
&amp#27;[35m[ADB]&amp#27;[39m Using 'adb.exe' from 'C:\Users\tarunsharma03\AppData\Local\Android\Sdk\platform-tools\adb.exe'
[debug] &amp#27;[35m[ADB]&amp#27;[39m Running 'C:\Users\tarunsharma03\AppData\Local\Android\Sdk\platform-tools\adb.exe -P 5037 start-server'
&amp#27;[35m[AndroidDriver]&amp#27;[39m Retrieving device list
[debug] &amp#27;[35m[ADB]&amp#27;[39m Trying to find a connected android device
[debug] &amp#27;[35m[ADB]&amp#27;[39m Getting connected devices
[debug] &amp#27;[35m[ADB]&amp#27;[39m Connected devices: [{"udid":"emulator-5554","state":"device"}]
&amp#27;[35m[AndroidDriver]&amp#27;[39m Looking for a device with Android '8.1.0'
[debug] &amp#27;[35m[ADB]&amp#27;[39m Setting device id to emulator-5554
&amp#27;[35m[ADB]&amp#27;[39m Getting device platform version
[debug] &amp#27;[35m[ADB]&amp#27;[39m Running 'C:\Users\tarunsharma03\AppData\Local\Android\Sdk\platform-tools\adb.exe -P 5037 -s emulator-5554 shell getprop ro.build.version.release'
[debug] &amp#27;[35m[ADB]&amp#27;[39m Current device property 'ro.build.version.release': 8.1.0
&amp#27;[35m[AndroidDriver]&amp#27;[39m Using device: emulator-5554
&amp#27;[35m[ADB]&amp#27;[39m Using 'adb.exe' from 'C:\Users\tarunsharma03\AppData\Local\Android\Sdk\platform-tools\adb.exe'
[debug] &amp#27;[35m[ADB]&amp#27;[39m Running 'C:\Users\tarunsharma03\AppData\Local\Android\Sdk\platform-tools\adb.exe -P 5037 start-server'
[debug] &amp#27;[35m[ADB]&amp#27;[39m Setting device id to emulator-5554
[debug] &amp#27;[35m[ADB]&amp#27;[39m Running 'C:\Users\tarunsharma03\AppData\Local\Android\Sdk\platform-tools\adb.exe -P 5037 -s emulator-5554 shell getprop ro.build.version.sdk'
[debug] &amp#27;[35m[ADB]&amp#27;[39m Current device property 'ro.build.version.sdk': 27
[debug] &amp#27;[35m[ADB]&amp#27;[39m Device API level: 27
[debug] &amp#27;[35m[ADB]&amp#27;[39m Running 'C:\Users\tarunsharma03\AppData\Local\Android\Sdk\platform-tools\adb.exe -P 5037 -s emulator-5554 wait-for-device'
[debug] &amp#27;[35m[ADB]&amp#27;[39m Running 'C:\Users\tarunsharma03\AppData\Local\Android\Sdk\platform-tools\adb.exe -P 5037 -s emulator-5554 shell echo ping'
[debug] &amp#27;[35m[AndroidDriver]&amp#27;[39m Pushing settings apk to device...
[debug] &amp#27;[35m[ADB]&amp#27;[39m Getting install status for io.appium.settings
[debug] &amp#27;[35m[ADB]&amp#27;[39m Running 'C:\Users\tarunsharma03\AppData\Local\Android\Sdk\platform-tools\adb.exe -P 5037 -s emulator-5554 shell dumpsys package io.appium.settings'
[debug] &amp#27;[35m[ADB]&amp#27;[39m 'io.appium.settings' is installed
[debug] &amp#27;[35m[ADB]&amp#27;[39m Getting package info for 'io.appium.settings'
[debug] &amp#27;[35m[ADB]&amp#27;[39m Running 'C:\Users\tarunsharma03\AppData\Local\Android\Sdk\platform-tools\adb.exe -P 5037 -s emulator-5554 shell dumpsys package io.appium.settings'
[debug] &amp#27;[35m[ADB]&amp#27;[39m The version name of the installed 'io.appium.settings' is greater or equal to the application version name ('3.4.0' >= '3.4.0')
[debug] &amp#27;[35m[ADB]&amp#27;[39m There is no need to install/upgrade 'C:\Users\tarunsharma03\AppData\Roaming\npm\node_modules\appium\node_modules\io.appium.settings\apks\settings_apk-debug.apk'
[debug] &amp#27;[35m[ADB]&amp#27;[39m Getting IDs of all 'io.appium.settings' processes
[debug] &amp#27;[35m[ADB]&amp#27;[39m Running 'C:\Users\tarunsharma03\AppData\Local\Android\Sdk\platform-tools\adb.exe -P 5037 -s emulator-5554 shell 'pgrep --help; echo $?''
[debug] &amp#27;[35m[ADB]&amp#27;[39m Running 'C:\Users\tarunsharma03\AppData\Local\Android\Sdk\platform-tools\adb.exe -P 5037 -s emulator-5554 shell pgrep -f \(\[\[:blank:\]\]\|\^\)io\.appium\.settings\(\[\[:blank:\]\]\|\$\)'
[debug] &amp#27;[35m[AndroidDriver]&amp#27;[39m io.appium.settings is already running. There is no need to reset its permissions.
[debug] &amp#27;[35m[Logcat]&amp#27;[39m Starting logs capture with command: C:\\Users\\tarunsharma03\\AppData\\Local\\Android\\Sdk\\platform-tools\\adb.exe -P 5037 -s emulator-5554 logcat -v threadtime
[debug] &amp#27;[35m[UiAutomator2]&amp#27;[39m Forwarding UiAutomator2 Server port 6790 to local port 8200
[debug] &amp#27;[35m[ADB]&amp#27;[39m Forwarding system: 8200 to device: 6790
[debug] &amp#27;[35m[ADB]&amp#27;[39m Running 'C:\Users\tarunsharma03\AppData\Local\Android\Sdk\platform-tools\adb.exe -P 5037 -s emulator-5554 forward tcp:8200 tcp:6790'
[debug] &amp#27;[35m[ADB]&amp#27;[39m Getting install status for io.appium.uiautomator2.server
[debug] &amp#27;[35m[ADB]&amp#27;[39m Running 'C:\Users\tarunsharma03\AppData\Local\Android\Sdk\platform-tools\adb.exe -P 5037 -s emulator-5554 shell dumpsys package io.appium.uiautomator2.server'
[debug] &amp#27;[35m[ADB]&amp#27;[39m 'io.appium.uiautomator2.server' is installed
[debug] &amp#27;[35m[ADB]&amp#27;[39m Getting package info for 'io.appium.uiautomator2.server'
[debug] &amp#27;[35m[ADB]&amp#27;[39m Running 'C:\Users\tarunsharma03\AppData\Local\Android\Sdk\platform-tools\adb.exe -P 5037 -s emulator-5554 shell dumpsys package io.appium.uiautomator2.server'
[debug] &amp#27;[35m[ADB]&amp#27;[39m The version name of the installed 'io.appium.uiautomator2.server' is greater or equal to the application version name ('4.27.0' >= '4.27.0')
[debug] &amp#27;[35m[UiAutomator2]&amp#27;[39m io.appium.uiautomator2.server installation state: sameVersionInstalled
[debug] &amp#27;[35m[ADB]&amp#27;[39m Checking app cert for C:\Users\tarunsharma03\AppData\Roaming\npm\node_modules\appium\node_modules\appium-uiautomator2-server\apks\appium-uiautomator2-server-v4.27.0.apk
&amp#27;[35m[ADB]&amp#27;[39m Using 'apksigner.jar' from 'C:\Users\tarunsharma03\AppData\Local\Android\Sdk\build-tools\33.0.0\lib\apksigner.jar'
[debug] &amp#27;[35m[ADB]&amp#27;[39m Starting apksigner: 'C:\\Program Files\\RedHat\\java-11-openjdk-11.0.5-2\\bin\\java.exe' -Xmx1024M -Xss1m -jar C:\\Users\\tarunsharma03\\AppData\\Local\\Android\\Sdk\\build-tools\\33.0.0\\lib\\apksigner.jar verify --print-certs C:\\Users\\tarunsharma03\\AppData\\Roaming\\npm\\node_modules\\appium\\node_modules\\appium-uiautomator2-server\\apks\\appium-uiautomator2-server-v4.27.0.apk
[debug] &amp#27;[35m[ADB]&amp#27;[39m apksigner stdout: Signer #1 certificate DN: EMAILADDRESS=android@android.com, CN=Android, OU=Android, O=Android, L=Mountain View, ST=California, C=US
[debug] &amp#27;[35m[ADB]&amp#27;[39m Signer #1 certificate SHA-256 digest: a40da80a59d170caa950cf15c18c454d47a39b26989d8b640ecd745ba71bf5dc
[debug] &amp#27;[35m[ADB]&amp#27;[39m Signer #1 certificate SHA-1 digest: 61ed377e85d386a8dfee6b864bd85b0bfaa5af81
[debug] &amp#27;[35m[ADB]&amp#27;[39m Signer #1 certificate MD5 digest: e89b158e4bcf988ebd09eb83f5378e87
[debug] &amp#27;[35m[ADB]&amp#27;[39m 
[debug] &amp#27;[35m[ADB]&amp#27;[39m sha256 hash did match for 'appium-uiautomator2-server-v4.27.0.apk'
&amp#27;[35m[ADB]&amp#27;[39m 'C:\Users\tarunsharma03\AppData\Roaming\npm\node_modules\appium\node_modules\appium-uiautomator2-server\apks\appium-uiautomator2-server-v4.27.0.apk' is signed with the default certificate
[debug] &amp#27;[35m[ADB]&amp#27;[39m Getting install status for io.appium.uiautomator2.server.test
[debug] &amp#27;[35m[ADB]&amp#27;[39m Running 'C:\Users\tarunsharma03\AppData\Local\Android\Sdk\platform-tools\adb.exe -P 5037 -s emulator-5554 shell dumpsys package io.appium.uiautomator2.server.test'
[debug] &amp#27;[35m[ADB]&amp#27;[39m 'io.appium.uiautomator2.server.test' is installed
[debug] &amp#27;[35m[ADB]&amp#27;[39m Checking app cert for C:\Users\tarunsharma03\AppData\Roaming\npm\node_modules\appium\node_modules\appium-uiautomator2-server\apks\appium-uiautomator2-server-debug-androidTest.apk
[debug] &amp#27;[35m[ADB]&amp#27;[39m Starting apksigner: 'C:\\Program Files\\RedHat\\java-11-openjdk-11.0.5-2\\bin\\java.exe' -Xmx1024M -Xss1m -jar C:\\Users\\tarunsharma03\\AppData\\Local\\Android\\Sdk\\build-tools\\33.0.0\\lib\\apksigner.jar verify --print-certs C:\\Users\\tarunsharma03\\AppData\\Roaming\\npm\\node_modules\\appium\\node_modules\\appium-uiautomator2-server\\apks\\appium-uiautomator2-server-debug-androidTest.apk
[debug] &amp#27;[35m[ADB]&amp#27;[39m apksigner stdout: Signer #1 certificate DN: EMAILADDRESS=android@android.com, CN=Android, OU=Android, O=Android, L=Mountain View, ST=California, C=US
[debug] &amp#27;[35m[ADB]&amp#27;[39m Signer #1 certificate SHA-256 digest: a40da80a59d170caa950cf15c18c454d47a39b26989d8b640ecd745ba71bf5dc
[debug] &amp#27;[35m[ADB]&amp#27;[39m Signer #1 certificate SHA-1 digest: 61ed377e85d386a8dfee6b864bd85b0bfaa5af81
[debug] &amp#27;[35m[ADB]&amp#27;[39m Signer #1 certificate MD5 digest: e89b158e4bcf988ebd09eb83f5378e87
[debug] &amp#27;[35m[ADB]&amp#27;[39m 
[debug] &amp#27;[35m[ADB]&amp#27;[39m sha256 hash did match for 'appium-uiautomator2-server-debug-androidTest.apk'
&amp#27;[35m[ADB]&amp#27;[39m 'C:\Users\tarunsharma03\AppData\Roaming\npm\node_modules\appium\node_modules\appium-uiautomator2-server\apks\appium-uiautomator2-server-debug-androidTest.apk' is signed with the default certificate
&amp#27;[35m[UiAutomator2]&amp#27;[39m Server packages are not going to be (re)installed
[debug] &amp#27;[35m[UiAutomator2]&amp#27;[39m Waiting up to 30000ms for services to be available
[debug] &amp#27;[35m[ADB]&amp#27;[39m Running 'C:\Users\tarunsharma03\AppData\Local\Android\Sdk\platform-tools\adb.exe -P 5037 -s emulator-5554 shell pm list instrumentation'
[debug] &amp#27;[35m[UiAutomator2]&amp#27;[39m Instrumentation target 'io.appium.uiautomator2.server.test/androidx.test.runner.AndroidJUnitRunner' is available
&amp#27;[35m[ADB]&amp#27;[39m Adding packages ["io.appium.settings","io.appium.uiautomator2.server","io.appium.uiautomator2.server.test"] to Doze whitelist
[debug] &amp#27;[35m[ADB]&amp#27;[39m Got the following command chunks to execute: [["dumpsys","deviceidle","whitelist","+io.appium.settings",";","dumpsys","deviceidle","whitelist","+io.appium.uiautomator2.server",";","dumpsys","deviceidle","whitelist","+io.appium.uiautomator2.server.test",";"]]
[debug] &amp#27;[35m[ADB]&amp#27;[39m Running 'C:\Users\tarunsharma03\AppData\Local\Android\Sdk\platform-tools\adb.exe -P 5037 -s emulator-5554 shell dumpsys deviceidle whitelist +io.appium.settings ; dumpsys deviceidle whitelist +io.appium.uiautomator2.server ; dumpsys deviceidle whitelist +io.appium.uiautomator2.server.test ;'
[debug] &amp#27;[35m[ADB]&amp#27;[39m Checking app cert for C:\Users\tarunsharma03\Desktop\exittest\ApiDemosAppium\AppApk\apidemos.apk
[debug] &amp#27;[35m[ADB]&amp#27;[39m Starting apksigner: 'C:\\Program Files\\RedHat\\java-11-openjdk-11.0.5-2\\bin\\java.exe' -Xmx1024M -Xss1m -jar C:\\Users\\tarunsharma03\\AppData\\Local\\Android\\Sdk\\build-tools\\33.0.0\\lib\\apksigner.jar verify --print-certs C:\\Users\\tarunsharma03\\Desktop\\exittest\\ApiDemosAppium\\AppApk\\apidemos.apk
[debug] &amp#27;[35m[ADB]&amp#27;[39m apksigner stdout: Signer #1 certificate DN: EMAILADDRESS=android@android.com, CN=Android, OU=Android, O=Android, L=Mountain View, ST=California, C=US
[debug] &amp#27;[35m[ADB]&amp#27;[39m Signer #1 certificate SHA-256 digest: a40da80a59d170caa950cf15c18c454d47a39b26989d8b640ecd745ba71bf5dc
[debug] &amp#27;[35m[ADB]&amp#27;[39m Signer #1 certificate SHA-1 digest: 61ed377e85d386a8dfee6b864bd85b0bfaa5af81
[debug] &amp#27;[35m[ADB]&amp#27;[39m Signer #1 certificate MD5 digest: e89b158e4bcf988ebd09eb83f5378e87
[debug] &amp#27;[35m[ADB]&amp#27;[39m 
[debug] &amp#27;[35m[ADB]&amp#27;[39m sha256 hash did match for 'apidemos.apk'
&amp#27;[35m[ADB]&amp#27;[39m 'C:\Users\tarunsharma03\Desktop\exittest\ApiDemosAppium\AppApk\apidemos.apk' is signed with the default certificate
[debug] &amp#27;[35m[ADB]&amp#27;[39m Getting install status for com.hmh.api
[debug] &amp#27;[35m[ADB]&amp#27;[39m Running 'C:\Users\tarunsharma03\AppData\Local\Android\Sdk\platform-tools\adb.exe -P 5037 -s emulator-5554 shell dumpsys package com.hmh.api'
[debug] &amp#27;[35m[ADB]&amp#27;[39m 'com.hmh.api' is installed
[debug] &amp#27;[35m[ADB]&amp#27;[39m Getting package info for 'com.hmh.api'
[debug] &amp#27;[35m[ADB]&amp#27;[39m Running 'C:\Users\tarunsharma03\AppData\Local\Android\Sdk\platform-tools\adb.exe -P 5037 -s emulator-5554 shell dumpsys package com.hmh.api'
[debug] &amp#27;[35m[ADB]&amp#27;[39m The version name of the installed 'com.hmh.api' is greater or equal to the application version name ('4.0.0' >= '4.0.0')
[debug] &amp#27;[35m[ADB]&amp#27;[39m There is no need to install/upgrade 'C:\Users\tarunsharma03\Desktop\exittest\ApiDemosAppium\AppApk\apidemos.apk'
&amp#27;[35m[AndroidDriver]&amp#27;[39m Performing fast reset on 'com.hmh.api'
[debug] &amp#27;[35m[ADB]&amp#27;[39m Getting install status for com.hmh.api
[debug] &amp#27;[35m[ADB]&amp#27;[39m Running 'C:\Users\tarunsharma03\AppData\Local\Android\Sdk\platform-tools\adb.exe -P 5037 -s emulator-5554 shell dumpsys package com.hmh.api'
[debug] &amp#27;[35m[ADB]&amp#27;[39m 'com.hmh.api' is installed
[debug] &amp#27;[35m[ADB]&amp#27;[39m Running 'C:\Users\tarunsharma03\AppData\Local\Android\Sdk\platform-tools\adb.exe -P 5037 -s emulator-5554 shell am force-stop com.hmh.api'
[debug] &amp#27;[35m[ADB]&amp#27;[39m Running 'C:\Users\tarunsharma03\AppData\Local\Android\Sdk\platform-tools\adb.exe -P 5037 -s emulator-5554 shell pm clear com.hmh.api'
[debug] &amp#27;[35m[AndroidDriver]&amp#27;[39m Performed fast reset on the installed 'com.hmh.api' application (stop and clear)
[debug] &amp#27;[35m[UiAutomator2]&amp#27;[39m Performing shallow cleanup of automation leftovers
[debug] &amp#27;[35m[UiAutomator2]&amp#27;[39m No obsolete sessions have been detected (socket hang up)
[debug] &amp#27;[35m[ADB]&amp#27;[39m Running 'C:\Users\tarunsharma03\AppData\Local\Android\Sdk\platform-tools\adb.exe -P 5037 -s emulator-5554 shell am force-stop io.appium.uiautomator2.server.test'
&amp#27;[35m[UiAutomator2]&amp#27;[39m Starting UIAutomator2 server 4.27.0
[...]
&amp#27;[35m[HTTP]&amp#27;[39m &amp#27;[90m{"id":"00000000-0000-00da-ffff-ffff0000001c"}&amp#27;[39m
[debug] &amp#27;[35m[W3C (dc0bde88)]&amp#27;[39m Calling AppiumDriver.click() with args: ["00000000-0000-00da-ffff-ffff0000001c","dc0bde88-e68f-4b14-bda2-fb0d3a468194"]
[debug] &amp#27;[35m[WD Proxy]&amp#27;[39m Matched '/element/00000000-0000-00da-ffff-ffff0000001c/click' to command name 'click'
[debug] &amp#27;[35m[WD Proxy]&amp#27;[39m Proxying [POST /element/00000000-0000-00da-ffff-ffff0000001c/click] to [POST http://127.0.0.1:8200/wd/hub/session/0d4d365a-6353-4cd3-82de-9ac3b85df6a1/element/00000000-0000-00da-ffff-ffff0000001c/click] with body: {"element":"00000000-0000-00da-ffff-ffff0000001c"}
[debug] &amp#27;[35m[WD Proxy]&amp#27;[39m Got response with status 200: {"sessionId":"0d4d365a-6353-4cd3-82de-9ac3b85df6a1","value":null}
[debug] &amp#27;[35m[W3C (dc0bde88)]&amp#27;[39m Responding to client with driver.click() result: null
&amp#27;[35m[HTTP]&amp#27;[39m &amp#27;[37m<-- POST /wd/hub/session/dc0bde88-e68f-4b14-bda2-fb0d3a468194/element/00000000-0000-00da-ffff-ffff0000001c/click &amp#27;[39m&amp#27;[32m200&amp#27;[39m &amp#27;[90m1158 ms - 14&amp#27;[39m
&amp#27;[35m[HTTP]&amp#27;[39m &amp#27;[90m&amp#27;[39m
&amp#27;[35m[HTTP]&amp#27;[39m &amp#27;[37m-->&amp#27;[39m &amp#27;[37mGET&amp#27;[39m &amp#27;[37m/wd/hub/session/dc0bde88-e68f-4b14-bda2-fb0d3a468194&amp#27;[39m
&amp#27;[35m[HTTP]&amp#27;[39m &amp#27;[90m{}&amp#27;[39m
[debug] &amp#27;[35m[W3C (dc0bde88)]&amp#27;[39m Calling AppiumDriver.getSession() with args: ["dc0bde88-e68f-4b14-bda2-fb0d3a468194"]
[debug] &amp#27;[35m[UiAutomator2]&amp#27;[39m Getting session details from server to mix in
[debug] &amp#27;[35m[WD Proxy]&amp#27;[39m Matched '/' to command name 'getSession'
[debug] &amp#27;[35m[WD Proxy]&amp#27;[39m Proxying [GET /] to [GET http://127.0.0.1:8200/wd/hub/session/0d4d365a-6353-4cd3-82de-9ac3b85df6a1] with no body
[debug] &amp#27;[35m[WD Proxy]&amp#27;[39m Got response with status 200: {"sessionId":"0d4d365a-6353-4cd3-82de-9ac3b85df6a1","value":{"lastScrollData":null}}
[debug] &amp#27;[35m[W3C (dc0bde88)]&amp#27;[39m Responding to client with driver.getSession() result: {"platform":"LINUX","webStorageEnabled":false,"takesScreenshot":true,"javascriptEnabled":true,"databaseEnabled":false,"networkConnectionEnabled":true,"locationContextEnabled":false,"warnings":{},"desired":{"platformName":"android","app":"./AppApk/apidemos.apk","appActivity":".ApiDemos","appPackage":"com.hmh.api","deviceName":"Android","platformVersion":"8.1"},"platformName":"android","app":"./AppApk/apidemos.apk","appActivity":".ApiDemos","appPackage":"com.hmh.api","deviceName":"emulator-5554","platformVersion":"8.1.0","deviceUDID":"emulator-5554","deviceApiLevel":27,"deviceScreenSize":"1080x2340","deviceScreenDensity":440,"deviceModel":"Android SDK built for x86","deviceManufacturer":"Google","pixelRatio":2.75,"statBarHeight":66,"viewportRect":{"left":0,"top":66,"width":1080,"height":2142},"lastScrollData":null}
&amp#27;[35m[HTTP]&amp#27;[39m &amp#27;[37m<-- GET /wd/hub/session/dc0bde88-e68f-4b14-bda2-fb0d3a468194 &amp#27;[39m&amp#27;[32m200&amp#27;[39m &amp#27;[90m10 ms - 834&amp#27;[39m
&amp#27;[35m[HTTP]&amp#27;[39m &amp#27;[90m&amp#27;[39m
&amp#27;[35m[HTTP]&amp#27;[39m &amp#27;[37m-->&amp#27;[39m &amp#27;[37mPOST&amp#27;[39m &amp#27;[37m/wd/hub/session/dc0bde88-e68f-4b14-bda2-fb0d3a468194/element&amp#27;[39m
&amp#27;[35m[HTTP]&amp#27;[39m &amp#27;[90m{"using":"id","value":"android:id/text1"}&amp#27;[39m
[debug] &amp#27;[35m[W3C (dc0bde88)]&amp#27;[39m Calling AppiumDriver.findElement() with args: ["id","android:id/text1","dc0bde88-e68f-4b14-bda2-fb0d3a468194"]
[debug] &amp#27;[35m[BaseDriver]&amp#27;[39m Valid locator strategies for this request: xpath, id, class name, accessibility id, css selector, -android uiautomator
[debug] &amp#27;[35m[BaseDriver]&amp#27;[39m Waiting up to 0 ms for condition
[debug] &amp#27;[35m[WD Proxy]&amp#27;[39m Matched '/element' to command name 'findElement'
[debug] &amp#27;[35m[WD Proxy]&amp#27;[39m Proxying [POST /element] to [POST http://127.0.0.1:8200/wd/hub/session/0d4d365a-6353-4cd3-82de-9ac3b85df6a1/element] with body: {"strategy":"id","selector":"android:id/text1","context":"","multiple":false}
[debug] &amp#27;[35m[WD Proxy]&amp#27;[39m Got response with status 200: {"sessionId":"0d4d365a-6353-4cd3-82de-9ac3b85df6a1","value":{"ELEMENT":"00000000-0000-00db-ffff-ffff00000026","element-6066-11e4-a52e-4f735466cecf":"00000000-0000-00db-ffff-ffff00000026"}}
[debug] &amp#27;[35m[W3C (dc0bde88)]&amp#27;[39m Responding to client with driver.findElement() result: {"element-6066-11e4-a52e-4f735466cecf":"00000000-0000-00db-ffff-ffff00000026","ELEMENT":"00000000-0000-00db-ffff-ffff00000026"}
&amp#27;[35m[HTTP]&amp#27;[39m &amp#27;[37m<-- POST /wd/hub/session/dc0bde88-e68f-4b14-bda2-fb0d3a468194/element &amp#27;[39m&amp#27;[32m200&amp#27;[39m &amp#27;[90m24 ms - 137&amp#27;[39m
&amp#27;[35m[HTTP]&amp#27;[39m &amp#27;[90m&amp#27;[39m
&amp#27;[35m[HTTP]&amp#27;[39m &amp#27;[37m-->&amp#27;[39m &amp#27;[37mPOST&amp#27;[39m &amp#27;[37m/wd/hub/session/dc0bde88-e68f-4b14-bda2-fb0d3a468194/element/00000000-0000-00db-ffff-ffff00000026/click&amp#27;[39m
&amp#27;[35m[HTTP]&amp#27;[39m &amp#27;[90m{"id":"00000000-0000-00db-ffff-ffff00000026"}&amp#27;[39m
[debug] &amp#27;[35m[W3C (dc0bde88)]&amp#27;[39m Calling AppiumDriver.click() with args: ["00000000-0000-00db-ffff-ffff00000026","dc0bde88-e68f-4b14-bda2-fb0d3a468194"]
[debug] &amp#27;[35m[WD Proxy]&amp#27;[39m Matched '/element/00000000-0000-00db-ffff-ffff00000026/click' to command name 'click'
[debug] &amp#27;[35m[WD Proxy]&amp#27;[39m Proxying [POST /element/00000000-0000-00db-ffff-ffff00000026/click] to [POST http://127.0.0.1:8200/wd/hub/session/0d4d365a-6353-4cd3-82de-9ac3b85df6a1/element/00000000-0000-00db-ffff-ffff00000026/click] with body: {"element":"00000000-0000-00db-ffff-ffff00000026"}
[debug] &amp#27;[35m[WD Proxy]&amp#27;[39m Got response with status 200: {"sessionId":"0d4d365a-6353-4cd3-82de-9ac3b85df6a1","value":null}
[debug] &amp#27;[35m[W3C (dc0bde88)]&amp#27;[39m Responding to client with driver.click() result: null
&amp#27;[35m[HTTP]&amp#27;[39m &amp#27;[37m<-- POST /wd/hub/session/dc0bde88-e68f-4b14-bda2-fb0d3a468194/element/00000000-0000-00db-ffff-ffff00000026/click &amp#27;[39m&amp#27;[32m200&amp#27;[39m &amp#27;[90m24 ms - 14&amp#27;[39m
&amp#27;[35m[HTTP]&amp#27;[39m &amp#27;[90m&amp#27;[39m
&amp#27;[35m[HTTP]&amp#27;[39m &amp#27;[37m-->&amp#27;[39m &amp#27;[37mGET&amp#27;[39m &amp#27;[37m/wd/hub/session/dc0bde88-e68f-4b14-bda2-fb0d3a468194&amp#27;[39m
&amp#27;[35m[HTTP]&amp#27;[39m &amp#27;[90m{}&amp#27;[39m
[debug] &amp#27;[35m[W3C (dc0bde88)]&amp#27;[39m Calling AppiumDriver.getSession() with args: ["dc0bde88-e68f-4b14-bda2-fb0d3a468194"]
[debug] &amp#27;[35m[UiAutomator2]&amp#27;[39m Getting session details from server to mix in
[debug] &amp#27;[35m[WD Proxy]&amp#27;[39m Matched '/' to command name 'getSession'
[debug] &amp#27;[35m[WD Proxy]&amp#27;[39m Proxying [GET /] to [GET http://127.0.0.1:8200/wd/hub/session/0d4d365a-6353-4cd3-82de-9ac3b85df6a1] with no body
[debug] &amp#27;[35m[WD Proxy]&amp#27;[39m Got response with status 200: {"sessionId":"0d4d365a-6353-4cd3-82de-9ac3b85df6a1","value":{"lastScrollData":null}}
[debug] &amp#27;[35m[W3C (dc0bde88)]&amp#27;[39m Responding to client with driver.getSession() result: {"platform":"LINUX","webStorageEnabled":false,"takesScreenshot":true,"javascriptEnabled":true,"databaseEnabled":false,"networkConnectionEnabled":true,"locationContextEnabled":false,"warnings":{},"desired":{"platformName":"android","app":"./AppApk/apidemos.apk","appActivity":".ApiDemos","appPackage":"com.hmh.api","deviceName":"Android","platformVersion":"8.1"},"platformName":"android","app":"./AppApk/apidemos.apk","appActivity":".ApiDemos","appPackage":"com.hmh.api","deviceName":"emulator-5554","platformVersion":"8.1.0","deviceUDID":"emulator-5554","deviceApiLevel":27,"deviceScreenSize":"1080x2340","deviceScreenDensity":440,"deviceModel":"Android SDK built for x86","deviceManufacturer":"Google","pixelRatio":2.75,"statBarHeight":66,"viewportRect":{"left":0,"top":66,"width":1080,"height":2142},"lastScrollData":null}
&amp#27;[35m[HTTP]&amp#27;[39m &amp#27;[37m<-- GET /wd/hub/session/dc0bde88-e68f-4b14-bda2-fb0d3a468194 &amp#27;[39m&amp#27;[32m200&amp#27;[39m &amp#27;[90m10 ms - 834&amp#27;[39m
&amp#27;[35m[HTTP]&amp#27;[39m &amp#27;[90m&amp#27;[39m
&amp#27;[35m[HTTP]&amp#27;[39m &amp#27;[37m-->&amp#27;[39m &amp#27;[37mPOST&amp#27;[39m &amp#27;[37m/wd/hub/session/dc0bde88-e68f-4b14-bda2-fb0d3a468194/element&amp#27;[39m
&amp#27;[35m[HTTP]&amp#27;[39m &amp#27;[90m{"using":"id","value":"com.hmh.api:id/pick_contact"}&amp#27;[39m
[debug] &amp#27;[35m[W3C (dc0bde88)]&amp#27;[39m Calling AppiumDriver.findElement() with args: ["id","com.hmh.api:id/pick_contact","dc0bde88-e68f-4b14-bda2-fb0d3a468194"]
[debug] &amp#27;[35m[BaseDriver]&amp#27;[39m Valid locator strategies for this request: xpath, id, class name, accessibility id, css selector, -android uiautomator
[debug] &amp#27;[35m[BaseDriver]&amp#27;[39m Waiting up to 0 ms for condition
[debug] &amp#27;[35m[WD Proxy]&amp#27;[39m Matched '/element' to command name 'findElement'
[debug] &amp#27;[35m[WD Proxy]&amp#27;[39m Proxying [POST /element] to [POST http://127.0.0.1:8200/wd/hub/session/0d4d365a-6353-4cd3-82de-9ac3b85df6a1/element] with body: {"strategy":"id","selector":"com.hmh.api:id/pick_contact","context":"","multiple":false}
[debug] &amp#27;[35m[WD Proxy]&amp#27;[39m Got response with status 200: {"sessionId":"0d4d365a-6353-4cd3-82de-9ac3b85df6a1","value":{"ELEMENT":"00000000-0000-00dc-ffff-ffff0000002f","element-6066-11e4-a52e-4f735466cecf":"00000000-0000-00dc-ffff-ffff0000002f"}}
[debug] &amp#27;[35m[W3C (dc0bde88)]&amp#27;[39m Responding to client with driver.findElement() result: {"element-6066-11e4-a52e-4f735466cecf":"00000000-0000-00dc-ffff-ffff0000002f","ELEMENT":"00000000-0000-00dc-ffff-ffff0000002f"}
&amp#27;[35m[HTTP]&amp#27;[39m &amp#27;[37m<-- POST /wd/hub/session/dc0bde88-e68f-4b14-bda2-fb0d3a468194/element &amp#27;[39m&amp#27;[32m200&amp#27;[39m &amp#27;[90m1032 ms - 137&amp#27;[39m
&amp#27;[35m[HTTP]&amp#27;[39m &amp#27;[90m&amp#27;[39m
&amp#27;[35m[HTTP]&amp#27;[39m &amp#27;[37m-->&amp#27;[39m &amp#27;[37mPOST&amp#27;[39m &amp#27;[37m/wd/hub/session/dc0bde88-e68f-4b14-bda2-fb0d3a468194/element/00000000-0000-00dc-ffff-ffff0000002f/click&amp#27;[39m
&amp#27;[35m[HTTP]&amp#27;[39m &amp#27;[90m{"id":"00000000-0000-00dc-ffff-ffff0000002f"}&amp#27;[39m
[debug] &amp#27;[35m[W3C (dc0bde88)]&amp#27;[39m Calling AppiumDriver.click() with args: ["00000000-0000-00dc-ffff-ffff0000002f","dc0bde88-e68f-4b14-bda2-fb0d3a468194"]
[debug] &amp#27;[35m[WD Proxy]&amp#27;[39m Matched '/element/00000000-0000-00dc-ffff-ffff0000002f/click' to command name 'click'
[debug] &amp#27;[35m[WD Proxy]&amp#27;[39m Proxying [POST /element/00000000-0000-00dc-ffff-ffff0000002f/click] to [POST http://127.0.0.1:8200/wd/hub/session/0d4d365a-6353-4cd3-82de-9ac3b85df6a1/element/00000000-0000-00dc-ffff-ffff0000002f/click] with body: {"element":"00000000-0000-00dc-ffff-ffff0000002f"}
[debug] &amp#27;[35m[WD Proxy]&amp#27;[39m Got response with status 200: {"sessionId":"0d4d365a-6353-4cd3-82de-9ac3b85df6a1","value":null}
[debug] &amp#27;[35m[W3C (dc0bde88)]&amp#27;[39m Responding to client with driver.click() result: null
&amp#27;[35m[HTTP]&amp#27;[39m &amp#27;[37m<-- POST /wd/hub/session/dc0bde88-e68f-4b14-bda2-fb0d3a468194/element/00000000-0000-00dc-ffff-ffff0000002f/click &amp#27;[39m&amp#27;[32m200&amp#27;[39m &amp#27;[90m19 ms - 14&amp#27;[39m
&amp#27;[35m[HTTP]&amp#27;[39m &amp#27;[90m&amp#27;[39m
&amp#27;[35m[HTTP]&amp#27;[39m &amp#27;[37m-->&amp#27;[39m &amp#27;[37mGET&amp#27;[39m &amp#27;[37m/wd/hub/session/dc0bde88-e68f-4b14-bda2-fb0d3a468194&amp#27;[39m
&amp#27;[35m[HTTP]&amp#27;[39m &amp#27;[90m{}&amp#27;[39m
[debug] &amp#27;[35m[W3C (dc0bde88)]&amp#27;[39m Calling AppiumDriver.getSession() with args: ["dc0bde88-e68f-4b14-bda2-fb0d3a468194"]
[debug] &amp#27;[35m[UiAutomator2]&amp#27;[39m Getting session details from server to mix in
[debug] &amp#27;[35m[WD Proxy]&amp#27;[39m Matched '/' to command name 'getSession'
[debug] &amp#27;[35m[WD Proxy]&amp#27;[39m Proxying [GET /] to [GET http://127.0.0.1:8200/wd/hub/session/0d4d365a-6353-4cd3-82de-9ac3b85df6a1] with no body
[debug] &amp#27;[35m[WD Proxy]&amp#27;[39m Got response with status 200: {"sessionId":"0d4d365a-6353-4cd3-82de-9ac3b85df6a1","value":{"lastScrollData":null}}
[debug] &amp#27;[35m[W3C (dc0bde88)]&amp#27;[39m Responding to client with driver.getSession() result: {"platform":"LINUX","webStorageEnabled":false,"takesScreenshot":true,"javascriptEnabled":true,"databaseEnabled":false,"networkConnectionEnabled":true,"locationContextEnabled":false,"warnings":{},"desired":{"platformName":"android","app":"./AppApk/apidemos.apk","appActivity":".ApiDemos","appPackage":"com.hmh.api","deviceName":"Android","platformVersion":"8.1"},"platformName":"android","app":"./AppApk/apidemos.apk","appActivity":".ApiDemos","appPackage":"com.hmh.api","deviceName":"emulator-5554","platformVersion":"8.1.0","deviceUDID":"emulator-5554","deviceApiLevel":27,"deviceScreenSize":"1080x2340","deviceScreenDensity":440,"deviceModel":"Android SDK built for x86","deviceManufacturer":"Google","pixelRatio":2.75,"statBarHeight":66,"viewportRect":{"left":0,"top":66,"width":1080,"height":2142},"lastScrollData":null}
&amp#27;[35m[HTTP]&amp#27;[39m &amp#27;[37m<-- GET /wd/hub/session/dc0bde88-e68f-4b14-bda2-fb0d3a468194 &amp#27;[39m&amp#27;[32m200&amp#27;[39m &amp#27;[90m18 ms - 834&amp#27;[39m
&amp#27;[35m[HTTP]&amp#27;[39m &amp#27;[90m&amp#27;[39m
&amp#27;[35m[HTTP]&amp#27;[39m &amp#27;[37m-->&amp#27;[39m &amp#27;[37mPOST&amp#27;[39m &amp#27;[37m/wd/hub/session/dc0bde88-e68f-4b14-bda2-fb0d3a468194/element&amp#27;[39m
&amp#27;[35m[HTTP]&amp#27;[39m &amp#27;[90m{"using":"id","value":"com.android.documentsui:id/artwork"}&amp#27;[39m
[debug] &amp#27;[35m[W3C (dc0bde88)]&amp#27;[39m Calling AppiumDriver.findElement() with args: ["id","com.android.documentsui:id/artwork","dc0bde88-e68f-4b14-bda2-fb0d3a468194"]
[debug] &amp#27;[35m[BaseDriver]&amp#27;[39m Valid locator strategies for this request: xpath, id, class name, accessibility id, css selector, -android uiautomator
[debug] &amp#27;[35m[BaseDriver]&amp#27;[39m Waiting up to 0 ms for condition
[debug] &amp#27;[35m[WD Proxy]&amp#27;[39m Matched '/element' to command name 'findElement'
[debug] &amp#27;[35m[WD Proxy]&amp#27;[39m Proxying [POST /element] to [POST http://127.0.0.1:8200/wd/hub/session/0d4d365a-6353-4cd3-82de-9ac3b85df6a1/element] with body: {"strategy":"id","selector":"com.android.documentsui:id/artwork","context":"","multiple":false}
[debug] &amp#27;[35m[WD Proxy]&amp#27;[39m Got response with status 200: {"sessionId":"0d4d365a-6353-4cd3-82de-9ac3b85df6a1","value":{"ELEMENT":"00000000-0000-00dd-ffff-ffff0000001a","element-6066-11e4-a52e-4f735466cecf":"00000000-0000-00dd-ffff-ffff0000001a"}}
[debug] &amp#27;[35m[W3C (dc0bde88)]&amp#27;[39m Responding to client with driver.findElement() result: {"element-6066-11e4-a52e-4f735466cecf":"00000000-0000-00dd-ffff-ffff0000001a","ELEMENT":"00000000-0000-00dd-ffff-ffff0000001a"}
&amp#27;[35m[HTTP]&amp#27;[39m &amp#27;[37m<-- POST /wd/hub/session/dc0bde88-e68f-4b14-bda2-fb0d3a468194/element &amp#27;[39m&amp#27;[32m200&amp#27;[39m &amp#27;[90m1314 ms - 137&amp#27;[39m
&amp#27;[35m[HTTP]&amp#27;[39m &amp#27;[90m&amp#27;[39m
&amp#27;[35m[HTTP]&amp#27;[39m &amp#27;[37m-->&amp#27;[39m &amp#27;[37mGET&amp#27;[39m &amp#27;[37m/wd/hub/session/dc0bde88-e68f-4b14-bda2-fb0d3a468194/element/00000000-0000-00dd-ffff-ffff0000001a/displayed&amp#27;[39m
&amp#27;[35m[HTTP]&amp#27;[39m &amp#27;[90m{}&amp#27;[39m
[debug] &amp#27;[35m[W3C (dc0bde88)]&amp#27;[39m Calling AppiumDriver.elementDisplayed() with args: ["00000000-0000-00dd-ffff-ffff0000001a","dc0bde88-e68f-4b14-bda2-fb0d3a468194"]
[debug] &amp#27;[35m[WD Proxy]&amp#27;[39m Matched '/element/00000000-0000-00dd-ffff-ffff0000001a/attribute/displayed' to command name 'getAttribute'
[debug] &amp#27;[35m[WD Proxy]&amp#27;[39m Proxying [GET /element/00000000-0000-00dd-ffff-ffff0000001a/attribute/displayed] to [GET http://127.0.0.1:8200/wd/hub/session/0d4d365a-6353-4cd3-82de-9ac3b85df6a1/element/00000000-0000-00dd-ffff-ffff0000001a/attribute/displayed] with no body
[debug] &amp#27;[35m[WD Proxy]&amp#27;[39m Got response with status 200: {"sessionId":"0d4d365a-6353-4cd3-82de-9ac3b85df6a1","value":"true"}
[debug] &amp#27;[35m[W3C (dc0bde88)]&amp#27;[39m Responding to client with driver.elementDisplayed() result: true
&amp#27;[35m[HTTP]&amp#27;[39m &amp#27;[37m<-- GET /wd/hub/session/dc0bde88-e68f-4b14-bda2-fb0d3a468194/element/00000000-0000-00dd-ffff-ffff0000001a/displayed &amp#27;[39m&amp#27;[32m200&amp#27;[39m &amp#27;[90m26 ms - 14&amp#27;[39m
&amp#27;[35m[HTTP]&amp#27;[39m &amp#27;[90m&amp#27;[39m
&amp#27;[35m[HTTP]&amp#27;[39m &amp#27;[37m-->&amp#27;[39m &amp#27;[37mDELETE&amp#27;[39m &amp#27;[37m/wd/hub/session/dc0bde88-e68f-4b14-bda2-fb0d3a468194&amp#27;[39m
&amp#27;[35m[HTTP]&amp#27;[39m &amp#27;[90m{}&amp#27;[39m
[debug] &amp#27;[35m[W3C (dc0bde88)]&amp#27;[39m Calling AppiumDriver.deleteSession() with args: ["dc0bde88-e68f-4b14-bda2-fb0d3a468194"]
[debug] &amp#27;[35m[BaseDriver]&amp#27;[39m Event 'quitSessionRequested' logged at 1676439055641 (11:00:55 GMT+0530 (India Standard Time))
&amp#27;[35m[Appium]&amp#27;[39m Removing session dc0bde88-e68f-4b14-bda2-fb0d3a468194 from our master session list
[debug] &amp#27;[35m[UiAutomator2]&amp#27;[39m Deleting UiAutomator2 session
[debug] &amp#27;[35m[UiAutomator2]&amp#27;[39m Deleting UiAutomator2 server session
[debug] &amp#27;[35m[WD Proxy]&amp#27;[39m Matched '/' to command name 'deleteSession'
[debug] &amp#27;[35m[WD Proxy]&amp#27;[39m Proxying [DELETE /] to [DELETE http://127.0.0.1:8200/wd/hub/session/0d4d365a-6353-4cd3-82de-9ac3b85df6a1] with no body
[debug] &amp#27;[35m[WD Proxy]&amp#27;[39m Got response with status 200: {"sessionId":"0d4d365a-6353-4cd3-82de-9ac3b85df6a1","value":null}
[debug] &amp#27;[35m[ADB]&amp#27;[39m Running 'C:\Users\tarunsharma03\AppData\Local\Android\Sdk\platform-tools\adb.exe -P 5037 -s emulator-5554 shell am force-stop com.hmh.api'
[debug] &amp#27;[35m[Logcat]&amp#27;[39m Stopping logcat capture
[debug] &amp#27;[35m[ADB]&amp#27;[39m Removing forwarded port socket connection: 8200 
[debug] &amp#27;[35m[ADB]&amp#27;[39m Running 'C:\Users\tarunsharma03\AppData\Local\Android\Sdk\platform-tools\adb.exe -P 5037 -s emulator-5554 forward --remove tcp:8200'
[debug] &amp#27;[35m[BaseDriver]&amp#27;[39m Event 'quitSessionFinished' logged at 1676439055917 (11:00:55 GMT+0530 (India Standard Time))
[debug] &amp#27;[35m[W3C (dc0bde88)]&amp#27;[39m Received response: null
[debug] &amp#27;[35m[W3C (dc0bde88)]&amp#27;[39m But deleting session, so not returning
[debug] &amp#27;[35m[W3C (dc0bde88)]&amp#27;[39m Responding to client with driver.deleteSession() result: null
&amp#27;[35m[HTTP]&amp#27;[39m &amp#27;[37m<-- DELETE /wd/hub/session/dc0bde88-e68f-4b14-bda2-fb0d3a468194 &amp#27;[39m&amp#27;[32m200&amp#27;[39m &amp#27;[90m281 ms - 14&amp#27;[39m
]]></system-out>
    <system-err><![CDATA[Feb 15, 2023 11:00:32 AM io.appium.java_client.remote.AppiumCommandExecutor$1 lambda$0
INFO: Detected dialect: W3C
Feb 15, 2023 11:00:48 AM io.appium.java_client.remote.AppiumCommandExecutor$1 lambda$0
INFO: Detected dialect: W3C
]]></system-err>
  </testcase>
  <testcase name="feature" classname="TestRunnerFile.ApiDemos.AppRunner" time="65.576"/>
  <testcase name="feature" classname="TestRunnerFile.ApiDemos.AppRunner" time="23.11"/>
</testsuite>