<?xml version="1.0" encoding="UTF-8"?>
<!-- Generated by org.testng.reporters.JUnitXMLReporter -->
<testsuite ignored="0" hostname="IN-B70QVP3" failures="0" tests="4" name="Test" time="124.843" errors="0" timestamp="08 Feb 2023 09:29:08 GMT">
  <testcase classname="cucumber.api.testng.AbstractTestNGCucumberTests" name="feature" time="25.152"/>
  <testcase classname="cucumber.api.testng.AbstractTestNGCucumberTests" name="feature" time="31.739"/>
  <testcase classname="cucumber.api.testng.AbstractTestNGCucumberTests" name="feature" time="51.223"/>
  <testcase classname="cucumber.api.testng.AbstractTestNGCucumberTests" name="feature" time="16.447"/>
</testsuite> <!-- Test -->
